2020-02-12T04:14:47+00:00 CRITICAL Uncaught Error: Call to a member function get_description() on boolean in /var/www/clients/client2/web21/web/wp-content/themes/golfcourse/templates/product-desrciption_list.php:752
Stack trace:
#0 /var/www/clients/client2/web21/web/wp-includes/template-loader.php(74): include()
#1 /var/www/clients/client2/web21/web/wp-blog-header.php(19): require_once('/var/www/client...')
#2 /var/www/clients/client2/web21/web/index.php(17): require('/var/www/client...')
#3 {main}
  thrown in /var/www/clients/client2/web21/web/wp-content/themes/golfcourse/templates/product-desrciption_list.php on line 752

2020-02-12T04:14:48+00:00 CRITICAL Uncaught Error: Call to a member function get_description() on boolean in /var/www/clients/client2/web21/web/wp-content/themes/golfcourse/templates/product-desrciption_list.php:752
Stack trace:
#0 /var/www/clients/client2/web21/web/wp-includes/template-loader.php(74): include()
#1 /var/www/clients/client2/web21/web/wp-blog-header.php(19): require_once('/var/www/client...')
#2 /var/www/clients/client2/web21/web/index.php(17): require('/var/www/client...')
#3 {main}
  thrown in /var/www/clients/client2/web21/web/wp-content/themes/golfcourse/templates/product-desrciption_list.php on line 752

2020-02-12T04:14:50+00:00 CRITICAL Uncaught Error: Call to a member function get_description() on boolean in /var/www/clients/client2/web21/web/wp-content/themes/golfcourse/templates/product-desrciption_list.php:752
Stack trace:
#0 /var/www/clients/client2/web21/web/wp-includes/template-loader.php(74): include()
#1 /var/www/clients/client2/web21/web/wp-blog-header.php(19): require_once('/var/www/client...')
#2 /var/www/clients/client2/web21/web/index.php(17): require('/var/www/client...')
#3 {main}
  thrown in /var/www/clients/client2/web21/web/wp-content/themes/golfcourse/templates/product-desrciption_list.php on line 752

2020-02-12T04:14:50+00:00 CRITICAL Uncaught Error: Call to a member function get_description() on boolean in /var/www/clients/client2/web21/web/wp-content/themes/golfcourse/templates/product-desrciption_list.php:752
Stack trace:
#0 /var/www/clients/client2/web21/web/wp-includes/template-loader.php(74): include()
#1 /var/www/clients/client2/web21/web/wp-blog-header.php(19): require_once('/var/www/client...')
#2 /var/www/clients/client2/web21/web/index.php(17): require('/var/www/client...')
#3 {main}
  thrown in /var/www/clients/client2/web21/web/wp-content/themes/golfcourse/templates/product-desrciption_list.php on line 752

2020-02-12T04:14:51+00:00 CRITICAL Uncaught Error: Call to a member function get_description() on boolean in /var/www/clients/client2/web21/web/wp-content/themes/golfcourse/templates/product-desrciption_list.php:752
Stack trace:
#0 /var/www/clients/client2/web21/web/wp-includes/template-loader.php(74): include()
#1 /var/www/clients/client2/web21/web/wp-blog-header.php(19): require_once('/var/www/client...')
#2 /var/www/clients/client2/web21/web/index.php(17): require('/var/www/client...')
#3 {main}
  thrown in /var/www/clients/client2/web21/web/wp-content/themes/golfcourse/templates/product-desrciption_list.php on line 752

2020-02-12T04:14:52+00:00 CRITICAL Uncaught Error: Call to a member function get_description() on boolean in /var/www/clients/client2/web21/web/wp-content/themes/golfcourse/templates/product-desrciption_list.php:752
Stack trace:
#0 /var/www/clients/client2/web21/web/wp-includes/template-loader.php(74): include()
#1 /var/www/clients/client2/web21/web/wp-blog-header.php(19): require_once('/var/www/client...')
#2 /var/www/clients/client2/web21/web/index.php(17): require('/var/www/client...')
#3 {main}
  thrown in /var/www/clients/client2/web21/web/wp-content/themes/golfcourse/templates/product-desrciption_list.php on line 752

2020-02-12T04:14:53+00:00 CRITICAL Uncaught Error: Call to a member function get_description() on boolean in /var/www/clients/client2/web21/web/wp-content/themes/golfcourse/templates/product-desrciption_list.php:752
Stack trace:
#0 /var/www/clients/client2/web21/web/wp-includes/template-loader.php(74): include()
#1 /var/www/clients/client2/web21/web/wp-blog-header.php(19): require_once('/var/www/client...')
#2 /var/www/clients/client2/web21/web/index.php(17): require('/var/www/client...')
#3 {main}
  thrown in /var/www/clients/client2/web21/web/wp-content/themes/golfcourse/templates/product-desrciption_list.php on line 752

2020-02-12T04:14:54+00:00 CRITICAL Uncaught Error: Call to a member function get_description() on boolean in /var/www/clients/client2/web21/web/wp-content/themes/golfcourse/templates/product-desrciption_list.php:752
Stack trace:
#0 /var/www/clients/client2/web21/web/wp-includes/template-loader.php(74): include()
#1 /var/www/clients/client2/web21/web/wp-blog-header.php(19): require_once('/var/www/client...')
#2 /var/www/clients/client2/web21/web/index.php(17): require('/var/www/client...')
#3 {main}
  thrown in /var/www/clients/client2/web21/web/wp-content/themes/golfcourse/templates/product-desrciption_list.php on line 752

2020-02-12T04:14:55+00:00 CRITICAL Uncaught Error: Call to a member function get_description() on boolean in /var/www/clients/client2/web21/web/wp-content/themes/golfcourse/templates/product-desrciption_list.php:752
Stack trace:
#0 /var/www/clients/client2/web21/web/wp-includes/template-loader.php(74): include()
#1 /var/www/clients/client2/web21/web/wp-blog-header.php(19): require_once('/var/www/client...')
#2 /var/www/clients/client2/web21/web/index.php(17): require('/var/www/client...')
#3 {main}
  thrown in /var/www/clients/client2/web21/web/wp-content/themes/golfcourse/templates/product-desrciption_list.php on line 752

2020-02-12T04:14:56+00:00 CRITICAL Uncaught Error: Call to a member function get_description() on boolean in /var/www/clients/client2/web21/web/wp-content/themes/golfcourse/templates/product-desrciption_list.php:752
Stack trace:
#0 /var/www/clients/client2/web21/web/wp-includes/template-loader.php(74): include()
#1 /var/www/clients/client2/web21/web/wp-blog-header.php(19): require_once('/var/www/client...')
#2 /var/www/clients/client2/web21/web/index.php(17): require('/var/www/client...')
#3 {main}
  thrown in /var/www/clients/client2/web21/web/wp-content/themes/golfcourse/templates/product-desrciption_list.php on line 752

2020-02-12T04:14:57+00:00 CRITICAL Uncaught Error: Call to a member function get_description() on boolean in /var/www/clients/client2/web21/web/wp-content/themes/golfcourse/templates/product-desrciption_list.php:752
Stack trace:
#0 /var/www/clients/client2/web21/web/wp-includes/template-loader.php(74): include()
#1 /var/www/clients/client2/web21/web/wp-blog-header.php(19): require_once('/var/www/client...')
#2 /var/www/clients/client2/web21/web/index.php(17): require('/var/www/client...')
#3 {main}
  thrown in /var/www/clients/client2/web21/web/wp-content/themes/golfcourse/templates/product-desrciption_list.php on line 752

2020-02-12T04:14:58+00:00 CRITICAL Uncaught Error: Call to a member function get_description() on boolean in /var/www/clients/client2/web21/web/wp-content/themes/golfcourse/templates/product-desrciption_list.php:752
Stack trace:
#0 /var/www/clients/client2/web21/web/wp-includes/template-loader.php(74): include()
#1 /var/www/clients/client2/web21/web/wp-blog-header.php(19): require_once('/var/www/client...')
#2 /var/www/clients/client2/web21/web/index.php(17): require('/var/www/client...')
#3 {main}
  thrown in /var/www/clients/client2/web21/web/wp-content/themes/golfcourse/templates/product-desrciption_list.php on line 752

2020-02-12T04:14:59+00:00 CRITICAL Uncaught Error: Call to a member function get_description() on boolean in /var/www/clients/client2/web21/web/wp-content/themes/golfcourse/templates/product-desrciption_list.php:752
Stack trace:
#0 /var/www/clients/client2/web21/web/wp-includes/template-loader.php(74): include()
#1 /var/www/clients/client2/web21/web/wp-blog-header.php(19): require_once('/var/www/client...')
#2 /var/www/clients/client2/web21/web/index.php(17): require('/var/www/client...')
#3 {main}
  thrown in /var/www/clients/client2/web21/web/wp-content/themes/golfcourse/templates/product-desrciption_list.php on line 752

2020-02-12T04:15:00+00:00 CRITICAL Uncaught Error: Call to a member function get_description() on boolean in /var/www/clients/client2/web21/web/wp-content/themes/golfcourse/templates/product-desrciption_list.php:752
Stack trace:
#0 /var/www/clients/client2/web21/web/wp-includes/template-loader.php(74): include()
#1 /var/www/clients/client2/web21/web/wp-blog-header.php(19): require_once('/var/www/client...')
#2 /var/www/clients/client2/web21/web/index.php(17): require('/var/www/client...')
#3 {main}
  thrown in /var/www/clients/client2/web21/web/wp-content/themes/golfcourse/templates/product-desrciption_list.php on line 752

2020-02-12T04:15:01+00:00 CRITICAL Uncaught Error: Call to a member function get_description() on boolean in /var/www/clients/client2/web21/web/wp-content/themes/golfcourse/templates/product-desrciption_list.php:752
Stack trace:
#0 /var/www/clients/client2/web21/web/wp-includes/template-loader.php(74): include()
#1 /var/www/clients/client2/web21/web/wp-blog-header.php(19): require_once('/var/www/client...')
#2 /var/www/clients/client2/web21/web/index.php(17): require('/var/www/client...')
#3 {main}
  thrown in /var/www/clients/client2/web21/web/wp-content/themes/golfcourse/templates/product-desrciption_list.php on line 752

2020-02-12T04:15:02+00:00 CRITICAL Uncaught Error: Call to a member function get_description() on boolean in /var/www/clients/client2/web21/web/wp-content/themes/golfcourse/templates/product-desrciption_list.php:752
Stack trace:
#0 /var/www/clients/client2/web21/web/wp-includes/template-loader.php(74): include()
#1 /var/www/clients/client2/web21/web/wp-blog-header.php(19): require_once('/var/www/client...')
#2 /var/www/clients/client2/web21/web/index.php(17): require('/var/www/client...')
#3 {main}
  thrown in /var/www/clients/client2/web21/web/wp-content/themes/golfcourse/templates/product-desrciption_list.php on line 752

2020-02-12T04:15:03+00:00 CRITICAL Uncaught Error: Call to a member function get_description() on boolean in /var/www/clients/client2/web21/web/wp-content/themes/golfcourse/templates/product-desrciption_list.php:752
Stack trace:
#0 /var/www/clients/client2/web21/web/wp-includes/template-loader.php(74): include()
#1 /var/www/clients/client2/web21/web/wp-blog-header.php(19): require_once('/var/www/client...')
#2 /var/www/clients/client2/web21/web/index.php(17): require('/var/www/client...')
#3 {main}
  thrown in /var/www/clients/client2/web21/web/wp-content/themes/golfcourse/templates/product-desrciption_list.php on line 752

2020-02-12T04:15:04+00:00 CRITICAL Uncaught Error: Call to a member function get_description() on boolean in /var/www/clients/client2/web21/web/wp-content/themes/golfcourse/templates/product-desrciption_list.php:752
Stack trace:
#0 /var/www/clients/client2/web21/web/wp-includes/template-loader.php(74): include()
#1 /var/www/clients/client2/web21/web/wp-blog-header.php(19): require_once('/var/www/client...')
#2 /var/www/clients/client2/web21/web/index.php(17): require('/var/www/client...')
#3 {main}
  thrown in /var/www/clients/client2/web21/web/wp-content/themes/golfcourse/templates/product-desrciption_list.php on line 752

2020-02-12T04:15:05+00:00 CRITICAL Uncaught Error: Call to a member function get_description() on boolean in /var/www/clients/client2/web21/web/wp-content/themes/golfcourse/templates/product-desrciption_list.php:752
Stack trace:
#0 /var/www/clients/client2/web21/web/wp-includes/template-loader.php(74): include()
#1 /var/www/clients/client2/web21/web/wp-blog-header.php(19): require_once('/var/www/client...')
#2 /var/www/clients/client2/web21/web/index.php(17): require('/var/www/client...')
#3 {main}
  thrown in /var/www/clients/client2/web21/web/wp-content/themes/golfcourse/templates/product-desrciption_list.php on line 752

2020-02-12T04:15:06+00:00 CRITICAL Uncaught Error: Call to a member function get_description() on boolean in /var/www/clients/client2/web21/web/wp-content/themes/golfcourse/templates/product-desrciption_list.php:752
Stack trace:
#0 /var/www/clients/client2/web21/web/wp-includes/template-loader.php(74): include()
#1 /var/www/clients/client2/web21/web/wp-blog-header.php(19): require_once('/var/www/client...')
#2 /var/www/clients/client2/web21/web/index.php(17): require('/var/www/client...')
#3 {main}
  thrown in /var/www/clients/client2/web21/web/wp-content/themes/golfcourse/templates/product-desrciption_list.php on line 752

2020-02-12T04:15:06+00:00 CRITICAL Uncaught Error: Call to a member function get_description() on boolean in /var/www/clients/client2/web21/web/wp-content/themes/golfcourse/templates/product-desrciption_list.php:752
Stack trace:
#0 /var/www/clients/client2/web21/web/wp-includes/template-loader.php(74): include()
#1 /var/www/clients/client2/web21/web/wp-blog-header.php(19): require_once('/var/www/client...')
#2 /var/www/clients/client2/web21/web/index.php(17): require('/var/www/client...')
#3 {main}
  thrown in /var/www/clients/client2/web21/web/wp-content/themes/golfcourse/templates/product-desrciption_list.php on line 752

2020-02-12T04:15:07+00:00 CRITICAL Uncaught Error: Call to a member function get_description() on boolean in /var/www/clients/client2/web21/web/wp-content/themes/golfcourse/templates/product-desrciption_list.php:752
Stack trace:
#0 /var/www/clients/client2/web21/web/wp-includes/template-loader.php(74): include()
#1 /var/www/clients/client2/web21/web/wp-blog-header.php(19): require_once('/var/www/client...')
#2 /var/www/clients/client2/web21/web/index.php(17): require('/var/www/client...')
#3 {main}
  thrown in /var/www/clients/client2/web21/web/wp-content/themes/golfcourse/templates/product-desrciption_list.php on line 752

2020-02-12T04:15:08+00:00 CRITICAL Uncaught Error: Call to a member function get_description() on boolean in /var/www/clients/client2/web21/web/wp-content/themes/golfcourse/templates/product-desrciption_list.php:752
Stack trace:
#0 /var/www/clients/client2/web21/web/wp-includes/template-loader.php(74): include()
#1 /var/www/clients/client2/web21/web/wp-blog-header.php(19): require_once('/var/www/client...')
#2 /var/www/clients/client2/web21/web/index.php(17): require('/var/www/client...')
#3 {main}
  thrown in /var/www/clients/client2/web21/web/wp-content/themes/golfcourse/templates/product-desrciption_list.php on line 752

2020-02-12T04:15:09+00:00 CRITICAL Uncaught Error: Call to a member function get_description() on boolean in /var/www/clients/client2/web21/web/wp-content/themes/golfcourse/templates/product-desrciption_list.php:752
Stack trace:
#0 /var/www/clients/client2/web21/web/wp-includes/template-loader.php(74): include()
#1 /var/www/clients/client2/web21/web/wp-blog-header.php(19): require_once('/var/www/client...')
#2 /var/www/clients/client2/web21/web/index.php(17): require('/var/www/client...')
#3 {main}
  thrown in /var/www/clients/client2/web21/web/wp-content/themes/golfcourse/templates/product-desrciption_list.php on line 752

2020-02-12T04:15:10+00:00 CRITICAL Uncaught Error: Call to a member function get_description() on boolean in /var/www/clients/client2/web21/web/wp-content/themes/golfcourse/templates/product-desrciption_list.php:752
Stack trace:
#0 /var/www/clients/client2/web21/web/wp-includes/template-loader.php(74): include()
#1 /var/www/clients/client2/web21/web/wp-blog-header.php(19): require_once('/var/www/client...')
#2 /var/www/clients/client2/web21/web/index.php(17): require('/var/www/client...')
#3 {main}
  thrown in /var/www/clients/client2/web21/web/wp-content/themes/golfcourse/templates/product-desrciption_list.php on line 752

2020-02-12T04:15:10+00:00 CRITICAL Uncaught Error: Call to a member function get_description() on boolean in /var/www/clients/client2/web21/web/wp-content/themes/golfcourse/templates/product-desrciption_list.php:752
Stack trace:
#0 /var/www/clients/client2/web21/web/wp-includes/template-loader.php(74): include()
#1 /var/www/clients/client2/web21/web/wp-blog-header.php(19): require_once('/var/www/client...')
#2 /var/www/clients/client2/web21/web/index.php(17): require('/var/www/client...')
#3 {main}
  thrown in /var/www/clients/client2/web21/web/wp-content/themes/golfcourse/templates/product-desrciption_list.php on line 752

2020-02-12T04:15:11+00:00 CRITICAL Uncaught Error: Call to a member function get_description() on boolean in /var/www/clients/client2/web21/web/wp-content/themes/golfcourse/templates/product-desrciption_list.php:752
Stack trace:
#0 /var/www/clients/client2/web21/web/wp-includes/template-loader.php(74): include()
#1 /var/www/clients/client2/web21/web/wp-blog-header.php(19): require_once('/var/www/client...')
#2 /var/www/clients/client2/web21/web/index.php(17): require('/var/www/client...')
#3 {main}
  thrown in /var/www/clients/client2/web21/web/wp-content/themes/golfcourse/templates/product-desrciption_list.php on line 752

2020-02-12T04:15:12+00:00 CRITICAL Uncaught Error: Call to a member function get_description() on boolean in /var/www/clients/client2/web21/web/wp-content/themes/golfcourse/templates/product-desrciption_list.php:752
Stack trace:
#0 /var/www/clients/client2/web21/web/wp-includes/template-loader.php(74): include()
#1 /var/www/clients/client2/web21/web/wp-blog-header.php(19): require_once('/var/www/client...')
#2 /var/www/clients/client2/web21/web/index.php(17): require('/var/www/client...')
#3 {main}
  thrown in /var/www/clients/client2/web21/web/wp-content/themes/golfcourse/templates/product-desrciption_list.php on line 752

2020-02-12T04:15:13+00:00 CRITICAL Uncaught Error: Call to a member function get_description() on boolean in /var/www/clients/client2/web21/web/wp-content/themes/golfcourse/templates/product-desrciption_list.php:752
Stack trace:
#0 /var/www/clients/client2/web21/web/wp-includes/template-loader.php(74): include()
#1 /var/www/clients/client2/web21/web/wp-blog-header.php(19): require_once('/var/www/client...')
#2 /var/www/clients/client2/web21/web/index.php(17): require('/var/www/client...')
#3 {main}
  thrown in /var/www/clients/client2/web21/web/wp-content/themes/golfcourse/templates/product-desrciption_list.php on line 752

2020-02-12T04:15:14+00:00 CRITICAL Uncaught Error: Call to a member function get_description() on boolean in /var/www/clients/client2/web21/web/wp-content/themes/golfcourse/templates/product-desrciption_list.php:752
Stack trace:
#0 /var/www/clients/client2/web21/web/wp-includes/template-loader.php(74): include()
#1 /var/www/clients/client2/web21/web/wp-blog-header.php(19): require_once('/var/www/client...')
#2 /var/www/clients/client2/web21/web/index.php(17): require('/var/www/client...')
#3 {main}
  thrown in /var/www/clients/client2/web21/web/wp-content/themes/golfcourse/templates/product-desrciption_list.php on line 752

2020-02-12T04:15:14+00:00 CRITICAL Uncaught Error: Call to a member function get_description() on boolean in /var/www/clients/client2/web21/web/wp-content/themes/golfcourse/templates/product-desrciption_list.php:752
Stack trace:
#0 /var/www/clients/client2/web21/web/wp-includes/template-loader.php(74): include()
#1 /var/www/clients/client2/web21/web/wp-blog-header.php(19): require_once('/var/www/client...')
#2 /var/www/clients/client2/web21/web/index.php(17): require('/var/www/client...')
#3 {main}
  thrown in /var/www/clients/client2/web21/web/wp-content/themes/golfcourse/templates/product-desrciption_list.php on line 752

2020-02-12T04:15:15+00:00 CRITICAL Uncaught Error: Call to a member function get_description() on boolean in /var/www/clients/client2/web21/web/wp-content/themes/golfcourse/templates/product-desrciption_list.php:752
Stack trace:
#0 /var/www/clients/client2/web21/web/wp-includes/template-loader.php(74): include()
#1 /var/www/clients/client2/web21/web/wp-blog-header.php(19): require_once('/var/www/client...')
#2 /var/www/clients/client2/web21/web/index.php(17): require('/var/www/client...')
#3 {main}
  thrown in /var/www/clients/client2/web21/web/wp-content/themes/golfcourse/templates/product-desrciption_list.php on line 752

2020-02-12T04:15:16+00:00 CRITICAL Uncaught Error: Call to a member function get_description() on boolean in /var/www/clients/client2/web21/web/wp-content/themes/golfcourse/templates/product-desrciption_list.php:752
Stack trace:
#0 /var/www/clients/client2/web21/web/wp-includes/template-loader.php(74): include()
#1 /var/www/clients/client2/web21/web/wp-blog-header.php(19): require_once('/var/www/client...')
#2 /var/www/clients/client2/web21/web/index.php(17): require('/var/www/client...')
#3 {main}
  thrown in /var/www/clients/client2/web21/web/wp-content/themes/golfcourse/templates/product-desrciption_list.php on line 752

2020-02-12T04:15:17+00:00 CRITICAL Uncaught Error: Call to a member function get_description() on boolean in /var/www/clients/client2/web21/web/wp-content/themes/golfcourse/templates/product-desrciption_list.php:752
Stack trace:
#0 /var/www/clients/client2/web21/web/wp-includes/template-loader.php(74): include()
#1 /var/www/clients/client2/web21/web/wp-blog-header.php(19): require_once('/var/www/client...')
#2 /var/www/clients/client2/web21/web/index.php(17): require('/var/www/client...')
#3 {main}
  thrown in /var/www/clients/client2/web21/web/wp-content/themes/golfcourse/templates/product-desrciption_list.php on line 752

2020-02-12T04:15:18+00:00 CRITICAL Uncaught Error: Call to a member function get_description() on boolean in /var/www/clients/client2/web21/web/wp-content/themes/golfcourse/templates/product-desrciption_list.php:752
Stack trace:
#0 /var/www/clients/client2/web21/web/wp-includes/template-loader.php(74): include()
#1 /var/www/clients/client2/web21/web/wp-blog-header.php(19): require_once('/var/www/client...')
#2 /var/www/clients/client2/web21/web/index.php(17): require('/var/www/client...')
#3 {main}
  thrown in /var/www/clients/client2/web21/web/wp-content/themes/golfcourse/templates/product-desrciption_list.php on line 752

2020-02-12T04:15:19+00:00 CRITICAL Uncaught Error: Call to a member function get_description() on boolean in /var/www/clients/client2/web21/web/wp-content/themes/golfcourse/templates/product-desrciption_list.php:752
Stack trace:
#0 /var/www/clients/client2/web21/web/wp-includes/template-loader.php(74): include()
#1 /var/www/clients/client2/web21/web/wp-blog-header.php(19): require_once('/var/www/client...')
#2 /var/www/clients/client2/web21/web/index.php(17): require('/var/www/client...')
#3 {main}
  thrown in /var/www/clients/client2/web21/web/wp-content/themes/golfcourse/templates/product-desrciption_list.php on line 752

2020-02-12T04:15:20+00:00 CRITICAL Uncaught Error: Call to a member function get_description() on boolean in /var/www/clients/client2/web21/web/wp-content/themes/golfcourse/templates/product-desrciption_list.php:752
Stack trace:
#0 /var/www/clients/client2/web21/web/wp-includes/template-loader.php(74): include()
#1 /var/www/clients/client2/web21/web/wp-blog-header.php(19): require_once('/var/www/client...')
#2 /var/www/clients/client2/web21/web/index.php(17): require('/var/www/client...')
#3 {main}
  thrown in /var/www/clients/client2/web21/web/wp-content/themes/golfcourse/templates/product-desrciption_list.php on line 752

2020-02-12T04:15:20+00:00 CRITICAL Uncaught Error: Call to a member function get_description() on boolean in /var/www/clients/client2/web21/web/wp-content/themes/golfcourse/templates/product-desrciption_list.php:752
Stack trace:
#0 /var/www/clients/client2/web21/web/wp-includes/template-loader.php(74): include()
#1 /var/www/clients/client2/web21/web/wp-blog-header.php(19): require_once('/var/www/client...')
#2 /var/www/clients/client2/web21/web/index.php(17): require('/var/www/client...')
#3 {main}
  thrown in /var/www/clients/client2/web21/web/wp-content/themes/golfcourse/templates/product-desrciption_list.php on line 752

2020-02-12T04:15:21+00:00 CRITICAL Uncaught Error: Call to a member function get_description() on boolean in /var/www/clients/client2/web21/web/wp-content/themes/golfcourse/templates/product-desrciption_list.php:752
Stack trace:
#0 /var/www/clients/client2/web21/web/wp-includes/template-loader.php(74): include()
#1 /var/www/clients/client2/web21/web/wp-blog-header.php(19): require_once('/var/www/client...')
#2 /var/www/clients/client2/web21/web/index.php(17): require('/var/www/client...')
#3 {main}
  thrown in /var/www/clients/client2/web21/web/wp-content/themes/golfcourse/templates/product-desrciption_list.php on line 752

2020-02-12T04:15:22+00:00 CRITICAL Uncaught Error: Call to a member function get_description() on boolean in /var/www/clients/client2/web21/web/wp-content/themes/golfcourse/templates/product-desrciption_list.php:752
Stack trace:
#0 /var/www/clients/client2/web21/web/wp-includes/template-loader.php(74): include()
#1 /var/www/clients/client2/web21/web/wp-blog-header.php(19): require_once('/var/www/client...')
#2 /var/www/clients/client2/web21/web/index.php(17): require('/var/www/client...')
#3 {main}
  thrown in /var/www/clients/client2/web21/web/wp-content/themes/golfcourse/templates/product-desrciption_list.php on line 752

2020-02-12T04:15:23+00:00 CRITICAL Uncaught Error: Call to a member function get_description() on boolean in /var/www/clients/client2/web21/web/wp-content/themes/golfcourse/templates/product-desrciption_list.php:752
Stack trace:
#0 /var/www/clients/client2/web21/web/wp-includes/template-loader.php(74): include()
#1 /var/www/clients/client2/web21/web/wp-blog-header.php(19): require_once('/var/www/client...')
#2 /var/www/clients/client2/web21/web/index.php(17): require('/var/www/client...')
#3 {main}
  thrown in /var/www/clients/client2/web21/web/wp-content/themes/golfcourse/templates/product-desrciption_list.php on line 752

2020-02-12T04:15:23+00:00 CRITICAL Uncaught Error: Call to a member function get_description() on boolean in /var/www/clients/client2/web21/web/wp-content/themes/golfcourse/templates/product-desrciption_list.php:752
Stack trace:
#0 /var/www/clients/client2/web21/web/wp-includes/template-loader.php(74): include()
#1 /var/www/clients/client2/web21/web/wp-blog-header.php(19): require_once('/var/www/client...')
#2 /var/www/clients/client2/web21/web/index.php(17): require('/var/www/client...')
#3 {main}
  thrown in /var/www/clients/client2/web21/web/wp-content/themes/golfcourse/templates/product-desrciption_list.php on line 752

2020-02-12T04:15:24+00:00 CRITICAL Uncaught Error: Call to a member function get_description() on boolean in /var/www/clients/client2/web21/web/wp-content/themes/golfcourse/templates/product-desrciption_list.php:752
Stack trace:
#0 /var/www/clients/client2/web21/web/wp-includes/template-loader.php(74): include()
#1 /var/www/clients/client2/web21/web/wp-blog-header.php(19): require_once('/var/www/client...')
#2 /var/www/clients/client2/web21/web/index.php(17): require('/var/www/client...')
#3 {main}
  thrown in /var/www/clients/client2/web21/web/wp-content/themes/golfcourse/templates/product-desrciption_list.php on line 752

2020-02-12T04:15:26+00:00 CRITICAL Uncaught Error: Call to a member function get_description() on boolean in /var/www/clients/client2/web21/web/wp-content/themes/golfcourse/templates/product-desrciption_list.php:752
Stack trace:
#0 /var/www/clients/client2/web21/web/wp-includes/template-loader.php(74): include()
#1 /var/www/clients/client2/web21/web/wp-blog-header.php(19): require_once('/var/www/client...')
#2 /var/www/clients/client2/web21/web/index.php(17): require('/var/www/client...')
#3 {main}
  thrown in /var/www/clients/client2/web21/web/wp-content/themes/golfcourse/templates/product-desrciption_list.php on line 752

2020-02-12T04:15:27+00:00 CRITICAL Uncaught Error: Call to a member function get_description() on boolean in /var/www/clients/client2/web21/web/wp-content/themes/golfcourse/templates/product-desrciption_list.php:752
Stack trace:
#0 /var/www/clients/client2/web21/web/wp-includes/template-loader.php(74): include()
#1 /var/www/clients/client2/web21/web/wp-blog-header.php(19): require_once('/var/www/client...')
#2 /var/www/clients/client2/web21/web/index.php(17): require('/var/www/client...')
#3 {main}
  thrown in /var/www/clients/client2/web21/web/wp-content/themes/golfcourse/templates/product-desrciption_list.php on line 752

2020-02-12T04:15:29+00:00 CRITICAL Uncaught Error: Call to a member function get_description() on boolean in /var/www/clients/client2/web21/web/wp-content/themes/golfcourse/templates/product-desrciption_list.php:752
Stack trace:
#0 /var/www/clients/client2/web21/web/wp-includes/template-loader.php(74): include()
#1 /var/www/clients/client2/web21/web/wp-blog-header.php(19): require_once('/var/www/client...')
#2 /var/www/clients/client2/web21/web/index.php(17): require('/var/www/client...')
#3 {main}
  thrown in /var/www/clients/client2/web21/web/wp-content/themes/golfcourse/templates/product-desrciption_list.php on line 752

2020-02-12T04:15:30+00:00 CRITICAL Uncaught Error: Call to a member function get_description() on boolean in /var/www/clients/client2/web21/web/wp-content/themes/golfcourse/templates/product-desrciption_list.php:752
Stack trace:
#0 /var/www/clients/client2/web21/web/wp-includes/template-loader.php(74): include()
#1 /var/www/clients/client2/web21/web/wp-blog-header.php(19): require_once('/var/www/client...')
#2 /var/www/clients/client2/web21/web/index.php(17): require('/var/www/client...')
#3 {main}
  thrown in /var/www/clients/client2/web21/web/wp-content/themes/golfcourse/templates/product-desrciption_list.php on line 752

2020-02-12T04:15:31+00:00 CRITICAL Uncaught Error: Call to a member function get_description() on boolean in /var/www/clients/client2/web21/web/wp-content/themes/golfcourse/templates/product-desrciption_list.php:752
Stack trace:
#0 /var/www/clients/client2/web21/web/wp-includes/template-loader.php(74): include()
#1 /var/www/clients/client2/web21/web/wp-blog-header.php(19): require_once('/var/www/client...')
#2 /var/www/clients/client2/web21/web/index.php(17): require('/var/www/client...')
#3 {main}
  thrown in /var/www/clients/client2/web21/web/wp-content/themes/golfcourse/templates/product-desrciption_list.php on line 752

2020-02-12T04:15:32+00:00 CRITICAL Uncaught Error: Call to a member function get_description() on boolean in /var/www/clients/client2/web21/web/wp-content/themes/golfcourse/templates/product-desrciption_list.php:752
Stack trace:
#0 /var/www/clients/client2/web21/web/wp-includes/template-loader.php(74): include()
#1 /var/www/clients/client2/web21/web/wp-blog-header.php(19): require_once('/var/www/client...')
#2 /var/www/clients/client2/web21/web/index.php(17): require('/var/www/client...')
#3 {main}
  thrown in /var/www/clients/client2/web21/web/wp-content/themes/golfcourse/templates/product-desrciption_list.php on line 752

2020-02-12T04:15:33+00:00 CRITICAL Uncaught Error: Call to a member function get_description() on boolean in /var/www/clients/client2/web21/web/wp-content/themes/golfcourse/templates/product-desrciption_list.php:752
Stack trace:
#0 /var/www/clients/client2/web21/web/wp-includes/template-loader.php(74): include()
#1 /var/www/clients/client2/web21/web/wp-blog-header.php(19): require_once('/var/www/client...')
#2 /var/www/clients/client2/web21/web/index.php(17): require('/var/www/client...')
#3 {main}
  thrown in /var/www/clients/client2/web21/web/wp-content/themes/golfcourse/templates/product-desrciption_list.php on line 752

2020-02-12T04:15:34+00:00 CRITICAL Uncaught Error: Call to a member function get_description() on boolean in /var/www/clients/client2/web21/web/wp-content/themes/golfcourse/templates/product-desrciption_list.php:752
Stack trace:
#0 /var/www/clients/client2/web21/web/wp-includes/template-loader.php(74): include()
#1 /var/www/clients/client2/web21/web/wp-blog-header.php(19): require_once('/var/www/client...')
#2 /var/www/clients/client2/web21/web/index.php(17): require('/var/www/client...')
#3 {main}
  thrown in /var/www/clients/client2/web21/web/wp-content/themes/golfcourse/templates/product-desrciption_list.php on line 752

2020-02-12T04:15:35+00:00 CRITICAL Uncaught Error: Call to a member function get_description() on boolean in /var/www/clients/client2/web21/web/wp-content/themes/golfcourse/templates/product-desrciption_list.php:752
Stack trace:
#0 /var/www/clients/client2/web21/web/wp-includes/template-loader.php(74): include()
#1 /var/www/clients/client2/web21/web/wp-blog-header.php(19): require_once('/var/www/client...')
#2 /var/www/clients/client2/web21/web/index.php(17): require('/var/www/client...')
#3 {main}
  thrown in /var/www/clients/client2/web21/web/wp-content/themes/golfcourse/templates/product-desrciption_list.php on line 752

2020-02-12T04:15:36+00:00 CRITICAL Uncaught Error: Call to a member function get_description() on boolean in /var/www/clients/client2/web21/web/wp-content/themes/golfcourse/templates/product-desrciption_list.php:752
Stack trace:
#0 /var/www/clients/client2/web21/web/wp-includes/template-loader.php(74): include()
#1 /var/www/clients/client2/web21/web/wp-blog-header.php(19): require_once('/var/www/client...')
#2 /var/www/clients/client2/web21/web/index.php(17): require('/var/www/client...')
#3 {main}
  thrown in /var/www/clients/client2/web21/web/wp-content/themes/golfcourse/templates/product-desrciption_list.php on line 752

2020-02-12T04:15:37+00:00 CRITICAL Uncaught Error: Call to a member function get_description() on boolean in /var/www/clients/client2/web21/web/wp-content/themes/golfcourse/templates/product-desrciption_list.php:752
Stack trace:
#0 /var/www/clients/client2/web21/web/wp-includes/template-loader.php(74): include()
#1 /var/www/clients/client2/web21/web/wp-blog-header.php(19): require_once('/var/www/client...')
#2 /var/www/clients/client2/web21/web/index.php(17): require('/var/www/client...')
#3 {main}
  thrown in /var/www/clients/client2/web21/web/wp-content/themes/golfcourse/templates/product-desrciption_list.php on line 752

2020-02-12T04:15:38+00:00 CRITICAL Uncaught Error: Call to a member function get_description() on boolean in /var/www/clients/client2/web21/web/wp-content/themes/golfcourse/templates/product-desrciption_list.php:752
Stack trace:
#0 /var/www/clients/client2/web21/web/wp-includes/template-loader.php(74): include()
#1 /var/www/clients/client2/web21/web/wp-blog-header.php(19): require_once('/var/www/client...')
#2 /var/www/clients/client2/web21/web/index.php(17): require('/var/www/client...')
#3 {main}
  thrown in /var/www/clients/client2/web21/web/wp-content/themes/golfcourse/templates/product-desrciption_list.php on line 752

2020-02-12T04:15:39+00:00 CRITICAL Uncaught Error: Call to a member function get_description() on boolean in /var/www/clients/client2/web21/web/wp-content/themes/golfcourse/templates/product-desrciption_list.php:752
Stack trace:
#0 /var/www/clients/client2/web21/web/wp-includes/template-loader.php(74): include()
#1 /var/www/clients/client2/web21/web/wp-blog-header.php(19): require_once('/var/www/client...')
#2 /var/www/clients/client2/web21/web/index.php(17): require('/var/www/client...')
#3 {main}
  thrown in /var/www/clients/client2/web21/web/wp-content/themes/golfcourse/templates/product-desrciption_list.php on line 752

2020-02-12T04:15:39+00:00 CRITICAL Uncaught Error: Call to a member function get_description() on boolean in /var/www/clients/client2/web21/web/wp-content/themes/golfcourse/templates/product-desrciption_list.php:752
Stack trace:
#0 /var/www/clients/client2/web21/web/wp-includes/template-loader.php(74): include()
#1 /var/www/clients/client2/web21/web/wp-blog-header.php(19): require_once('/var/www/client...')
#2 /var/www/clients/client2/web21/web/index.php(17): require('/var/www/client...')
#3 {main}
  thrown in /var/www/clients/client2/web21/web/wp-content/themes/golfcourse/templates/product-desrciption_list.php on line 752

2020-02-12T04:15:40+00:00 CRITICAL Uncaught Error: Call to a member function get_description() on boolean in /var/www/clients/client2/web21/web/wp-content/themes/golfcourse/templates/product-desrciption_list.php:752
Stack trace:
#0 /var/www/clients/client2/web21/web/wp-includes/template-loader.php(74): include()
#1 /var/www/clients/client2/web21/web/wp-blog-header.php(19): require_once('/var/www/client...')
#2 /var/www/clients/client2/web21/web/index.php(17): require('/var/www/client...')
#3 {main}
  thrown in /var/www/clients/client2/web21/web/wp-content/themes/golfcourse/templates/product-desrciption_list.php on line 752

2020-02-12T04:15:41+00:00 CRITICAL Uncaught Error: Call to a member function get_description() on boolean in /var/www/clients/client2/web21/web/wp-content/themes/golfcourse/templates/product-desrciption_list.php:752
Stack trace:
#0 /var/www/clients/client2/web21/web/wp-includes/template-loader.php(74): include()
#1 /var/www/clients/client2/web21/web/wp-blog-header.php(19): require_once('/var/www/client...')
#2 /var/www/clients/client2/web21/web/index.php(17): require('/var/www/client...')
#3 {main}
  thrown in /var/www/clients/client2/web21/web/wp-content/themes/golfcourse/templates/product-desrciption_list.php on line 752

2020-02-12T04:15:42+00:00 CRITICAL Uncaught Error: Call to a member function get_description() on boolean in /var/www/clients/client2/web21/web/wp-content/themes/golfcourse/templates/product-desrciption_list.php:752
Stack trace:
#0 /var/www/clients/client2/web21/web/wp-includes/template-loader.php(74): include()
#1 /var/www/clients/client2/web21/web/wp-blog-header.php(19): require_once('/var/www/client...')
#2 /var/www/clients/client2/web21/web/index.php(17): require('/var/www/client...')
#3 {main}
  thrown in /var/www/clients/client2/web21/web/wp-content/themes/golfcourse/templates/product-desrciption_list.php on line 752

2020-02-12T04:15:43+00:00 CRITICAL Uncaught Error: Call to a member function get_description() on boolean in /var/www/clients/client2/web21/web/wp-content/themes/golfcourse/templates/product-desrciption_list.php:752
Stack trace:
#0 /var/www/clients/client2/web21/web/wp-includes/template-loader.php(74): include()
#1 /var/www/clients/client2/web21/web/wp-blog-header.php(19): require_once('/var/www/client...')
#2 /var/www/clients/client2/web21/web/index.php(17): require('/var/www/client...')
#3 {main}
  thrown in /var/www/clients/client2/web21/web/wp-content/themes/golfcourse/templates/product-desrciption_list.php on line 752

2020-02-12T04:15:44+00:00 CRITICAL Uncaught Error: Call to a member function get_description() on boolean in /var/www/clients/client2/web21/web/wp-content/themes/golfcourse/templates/product-desrciption_list.php:752
Stack trace:
#0 /var/www/clients/client2/web21/web/wp-includes/template-loader.php(74): include()
#1 /var/www/clients/client2/web21/web/wp-blog-header.php(19): require_once('/var/www/client...')
#2 /var/www/clients/client2/web21/web/index.php(17): require('/var/www/client...')
#3 {main}
  thrown in /var/www/clients/client2/web21/web/wp-content/themes/golfcourse/templates/product-desrciption_list.php on line 752

2020-02-12T04:15:46+00:00 CRITICAL Uncaught Error: Call to a member function get_description() on boolean in /var/www/clients/client2/web21/web/wp-content/themes/golfcourse/templates/product-desrciption_list.php:752
Stack trace:
#0 /var/www/clients/client2/web21/web/wp-includes/template-loader.php(74): include()
#1 /var/www/clients/client2/web21/web/wp-blog-header.php(19): require_once('/var/www/client...')
#2 /var/www/clients/client2/web21/web/index.php(17): require('/var/www/client...')
#3 {main}
  thrown in /var/www/clients/client2/web21/web/wp-content/themes/golfcourse/templates/product-desrciption_list.php on line 752

2020-02-12T04:15:48+00:00 CRITICAL Uncaught Error: Call to a member function get_description() on boolean in /var/www/clients/client2/web21/web/wp-content/themes/golfcourse/templates/product-desrciption_list.php:752
Stack trace:
#0 /var/www/clients/client2/web21/web/wp-includes/template-loader.php(74): include()
#1 /var/www/clients/client2/web21/web/wp-blog-header.php(19): require_once('/var/www/client...')
#2 /var/www/clients/client2/web21/web/index.php(17): require('/var/www/client...')
#3 {main}
  thrown in /var/www/clients/client2/web21/web/wp-content/themes/golfcourse/templates/product-desrciption_list.php on line 752

2020-02-12T04:15:50+00:00 CRITICAL Uncaught Error: Call to a member function get_description() on boolean in /var/www/clients/client2/web21/web/wp-content/themes/golfcourse/templates/product-desrciption_list.php:752
Stack trace:
#0 /var/www/clients/client2/web21/web/wp-includes/template-loader.php(74): include()
#1 /var/www/clients/client2/web21/web/wp-blog-header.php(19): require_once('/var/www/client...')
#2 /var/www/clients/client2/web21/web/index.php(17): require('/var/www/client...')
#3 {main}
  thrown in /var/www/clients/client2/web21/web/wp-content/themes/golfcourse/templates/product-desrciption_list.php on line 752

2020-02-12T04:15:51+00:00 CRITICAL Uncaught Error: Call to a member function get_description() on boolean in /var/www/clients/client2/web21/web/wp-content/themes/golfcourse/templates/product-desrciption_list.php:752
Stack trace:
#0 /var/www/clients/client2/web21/web/wp-includes/template-loader.php(74): include()
#1 /var/www/clients/client2/web21/web/wp-blog-header.php(19): require_once('/var/www/client...')
#2 /var/www/clients/client2/web21/web/index.php(17): require('/var/www/client...')
#3 {main}
  thrown in /var/www/clients/client2/web21/web/wp-content/themes/golfcourse/templates/product-desrciption_list.php on line 752

2020-02-12T04:15:52+00:00 CRITICAL Uncaught Error: Call to a member function get_description() on boolean in /var/www/clients/client2/web21/web/wp-content/themes/golfcourse/templates/product-desrciption_list.php:752
Stack trace:
#0 /var/www/clients/client2/web21/web/wp-includes/template-loader.php(74): include()
#1 /var/www/clients/client2/web21/web/wp-blog-header.php(19): require_once('/var/www/client...')
#2 /var/www/clients/client2/web21/web/index.php(17): require('/var/www/client...')
#3 {main}
  thrown in /var/www/clients/client2/web21/web/wp-content/themes/golfcourse/templates/product-desrciption_list.php on line 752

2020-02-12T04:15:53+00:00 CRITICAL Uncaught Error: Call to a member function get_description() on boolean in /var/www/clients/client2/web21/web/wp-content/themes/golfcourse/templates/product-desrciption_list.php:752
Stack trace:
#0 /var/www/clients/client2/web21/web/wp-includes/template-loader.php(74): include()
#1 /var/www/clients/client2/web21/web/wp-blog-header.php(19): require_once('/var/www/client...')
#2 /var/www/clients/client2/web21/web/index.php(17): require('/var/www/client...')
#3 {main}
  thrown in /var/www/clients/client2/web21/web/wp-content/themes/golfcourse/templates/product-desrciption_list.php on line 752

2020-02-12T04:15:54+00:00 CRITICAL Uncaught Error: Call to a member function get_description() on boolean in /var/www/clients/client2/web21/web/wp-content/themes/golfcourse/templates/product-desrciption_list.php:752
Stack trace:
#0 /var/www/clients/client2/web21/web/wp-includes/template-loader.php(74): include()
#1 /var/www/clients/client2/web21/web/wp-blog-header.php(19): require_once('/var/www/client...')
#2 /var/www/clients/client2/web21/web/index.php(17): require('/var/www/client...')
#3 {main}
  thrown in /var/www/clients/client2/web21/web/wp-content/themes/golfcourse/templates/product-desrciption_list.php on line 752

2020-02-12T04:15:55+00:00 CRITICAL Uncaught Error: Call to a member function get_description() on boolean in /var/www/clients/client2/web21/web/wp-content/themes/golfcourse/templates/product-desrciption_list.php:752
Stack trace:
#0 /var/www/clients/client2/web21/web/wp-includes/template-loader.php(74): include()
#1 /var/www/clients/client2/web21/web/wp-blog-header.php(19): require_once('/var/www/client...')
#2 /var/www/clients/client2/web21/web/index.php(17): require('/var/www/client...')
#3 {main}
  thrown in /var/www/clients/client2/web21/web/wp-content/themes/golfcourse/templates/product-desrciption_list.php on line 752

2020-02-12T04:15:55+00:00 CRITICAL Uncaught Error: Call to a member function get_description() on boolean in /var/www/clients/client2/web21/web/wp-content/themes/golfcourse/templates/product-desrciption_list.php:752
Stack trace:
#0 /var/www/clients/client2/web21/web/wp-includes/template-loader.php(74): include()
#1 /var/www/clients/client2/web21/web/wp-blog-header.php(19): require_once('/var/www/client...')
#2 /var/www/clients/client2/web21/web/index.php(17): require('/var/www/client...')
#3 {main}
  thrown in /var/www/clients/client2/web21/web/wp-content/themes/golfcourse/templates/product-desrciption_list.php on line 752

2020-02-12T04:15:56+00:00 CRITICAL Uncaught Error: Call to a member function get_description() on boolean in /var/www/clients/client2/web21/web/wp-content/themes/golfcourse/templates/product-desrciption_list.php:752
Stack trace:
#0 /var/www/clients/client2/web21/web/wp-includes/template-loader.php(74): include()
#1 /var/www/clients/client2/web21/web/wp-blog-header.php(19): require_once('/var/www/client...')
#2 /var/www/clients/client2/web21/web/index.php(17): require('/var/www/client...')
#3 {main}
  thrown in /var/www/clients/client2/web21/web/wp-content/themes/golfcourse/templates/product-desrciption_list.php on line 752

2020-02-12T04:15:57+00:00 CRITICAL Uncaught Error: Call to a member function get_description() on boolean in /var/www/clients/client2/web21/web/wp-content/themes/golfcourse/templates/product-desrciption_list.php:752
Stack trace:
#0 /var/www/clients/client2/web21/web/wp-includes/template-loader.php(74): include()
#1 /var/www/clients/client2/web21/web/wp-blog-header.php(19): require_once('/var/www/client...')
#2 /var/www/clients/client2/web21/web/index.php(17): require('/var/www/client...')
#3 {main}
  thrown in /var/www/clients/client2/web21/web/wp-content/themes/golfcourse/templates/product-desrciption_list.php on line 752

2020-02-12T04:15:58+00:00 CRITICAL Uncaught Error: Call to a member function get_description() on boolean in /var/www/clients/client2/web21/web/wp-content/themes/golfcourse/templates/product-desrciption_list.php:752
Stack trace:
#0 /var/www/clients/client2/web21/web/wp-includes/template-loader.php(74): include()
#1 /var/www/clients/client2/web21/web/wp-blog-header.php(19): require_once('/var/www/client...')
#2 /var/www/clients/client2/web21/web/index.php(17): require('/var/www/client...')
#3 {main}
  thrown in /var/www/clients/client2/web21/web/wp-content/themes/golfcourse/templates/product-desrciption_list.php on line 752

2020-02-12T04:15:59+00:00 CRITICAL Uncaught Error: Call to a member function get_description() on boolean in /var/www/clients/client2/web21/web/wp-content/themes/golfcourse/templates/product-desrciption_list.php:752
Stack trace:
#0 /var/www/clients/client2/web21/web/wp-includes/template-loader.php(74): include()
#1 /var/www/clients/client2/web21/web/wp-blog-header.php(19): require_once('/var/www/client...')
#2 /var/www/clients/client2/web21/web/index.php(17): require('/var/www/client...')
#3 {main}
  thrown in /var/www/clients/client2/web21/web/wp-content/themes/golfcourse/templates/product-desrciption_list.php on line 752

2020-02-12T04:16:00+00:00 CRITICAL Uncaught Error: Call to a member function get_description() on boolean in /var/www/clients/client2/web21/web/wp-content/themes/golfcourse/templates/product-desrciption_list.php:752
Stack trace:
#0 /var/www/clients/client2/web21/web/wp-includes/template-loader.php(74): include()
#1 /var/www/clients/client2/web21/web/wp-blog-header.php(19): require_once('/var/www/client...')
#2 /var/www/clients/client2/web21/web/index.php(17): require('/var/www/client...')
#3 {main}
  thrown in /var/www/clients/client2/web21/web/wp-content/themes/golfcourse/templates/product-desrciption_list.php on line 752

2020-02-12T04:16:01+00:00 CRITICAL Uncaught Error: Call to a member function get_description() on boolean in /var/www/clients/client2/web21/web/wp-content/themes/golfcourse/templates/product-desrciption_list.php:752
Stack trace:
#0 /var/www/clients/client2/web21/web/wp-includes/template-loader.php(74): include()
#1 /var/www/clients/client2/web21/web/wp-blog-header.php(19): require_once('/var/www/client...')
#2 /var/www/clients/client2/web21/web/index.php(17): require('/var/www/client...')
#3 {main}
  thrown in /var/www/clients/client2/web21/web/wp-content/themes/golfcourse/templates/product-desrciption_list.php on line 752

2020-02-12T04:16:02+00:00 CRITICAL Uncaught Error: Call to a member function get_description() on boolean in /var/www/clients/client2/web21/web/wp-content/themes/golfcourse/templates/product-desrciption_list.php:752
Stack trace:
#0 /var/www/clients/client2/web21/web/wp-includes/template-loader.php(74): include()
#1 /var/www/clients/client2/web21/web/wp-blog-header.php(19): require_once('/var/www/client...')
#2 /var/www/clients/client2/web21/web/index.php(17): require('/var/www/client...')
#3 {main}
  thrown in /var/www/clients/client2/web21/web/wp-content/themes/golfcourse/templates/product-desrciption_list.php on line 752

2020-02-12T04:16:03+00:00 CRITICAL Uncaught Error: Call to a member function get_description() on boolean in /var/www/clients/client2/web21/web/wp-content/themes/golfcourse/templates/product-desrciption_list.php:752
Stack trace:
#0 /var/www/clients/client2/web21/web/wp-includes/template-loader.php(74): include()
#1 /var/www/clients/client2/web21/web/wp-blog-header.php(19): require_once('/var/www/client...')
#2 /var/www/clients/client2/web21/web/index.php(17): require('/var/www/client...')
#3 {main}
  thrown in /var/www/clients/client2/web21/web/wp-content/themes/golfcourse/templates/product-desrciption_list.php on line 752

2020-02-12T04:16:04+00:00 CRITICAL Uncaught Error: Call to a member function get_description() on boolean in /var/www/clients/client2/web21/web/wp-content/themes/golfcourse/templates/product-desrciption_list.php:752
Stack trace:
#0 /var/www/clients/client2/web21/web/wp-includes/template-loader.php(74): include()
#1 /var/www/clients/client2/web21/web/wp-blog-header.php(19): require_once('/var/www/client...')
#2 /var/www/clients/client2/web21/web/index.php(17): require('/var/www/client...')
#3 {main}
  thrown in /var/www/clients/client2/web21/web/wp-content/themes/golfcourse/templates/product-desrciption_list.php on line 752

2020-02-12T04:16:05+00:00 CRITICAL Uncaught Error: Call to a member function get_description() on boolean in /var/www/clients/client2/web21/web/wp-content/themes/golfcourse/templates/product-desrciption_list.php:752
Stack trace:
#0 /var/www/clients/client2/web21/web/wp-includes/template-loader.php(74): include()
#1 /var/www/clients/client2/web21/web/wp-blog-header.php(19): require_once('/var/www/client...')
#2 /var/www/clients/client2/web21/web/index.php(17): require('/var/www/client...')
#3 {main}
  thrown in /var/www/clients/client2/web21/web/wp-content/themes/golfcourse/templates/product-desrciption_list.php on line 752

2020-02-12T04:16:06+00:00 CRITICAL Uncaught Error: Call to a member function get_description() on boolean in /var/www/clients/client2/web21/web/wp-content/themes/golfcourse/templates/product-desrciption_list.php:752
Stack trace:
#0 /var/www/clients/client2/web21/web/wp-includes/template-loader.php(74): include()
#1 /var/www/clients/client2/web21/web/wp-blog-header.php(19): require_once('/var/www/client...')
#2 /var/www/clients/client2/web21/web/index.php(17): require('/var/www/client...')
#3 {main}
  thrown in /var/www/clients/client2/web21/web/wp-content/themes/golfcourse/templates/product-desrciption_list.php on line 752

2020-02-12T04:16:07+00:00 CRITICAL Uncaught Error: Call to a member function get_description() on boolean in /var/www/clients/client2/web21/web/wp-content/themes/golfcourse/templates/product-desrciption_list.php:752
Stack trace:
#0 /var/www/clients/client2/web21/web/wp-includes/template-loader.php(74): include()
#1 /var/www/clients/client2/web21/web/wp-blog-header.php(19): require_once('/var/www/client...')
#2 /var/www/clients/client2/web21/web/index.php(17): require('/var/www/client...')
#3 {main}
  thrown in /var/www/clients/client2/web21/web/wp-content/themes/golfcourse/templates/product-desrciption_list.php on line 752

2020-02-12T04:16:08+00:00 CRITICAL Uncaught Error: Call to a member function get_description() on boolean in /var/www/clients/client2/web21/web/wp-content/themes/golfcourse/templates/product-desrciption_list.php:752
Stack trace:
#0 /var/www/clients/client2/web21/web/wp-includes/template-loader.php(74): include()
#1 /var/www/clients/client2/web21/web/wp-blog-header.php(19): require_once('/var/www/client...')
#2 /var/www/clients/client2/web21/web/index.php(17): require('/var/www/client...')
#3 {main}
  thrown in /var/www/clients/client2/web21/web/wp-content/themes/golfcourse/templates/product-desrciption_list.php on line 752

2020-02-12T04:16:08+00:00 CRITICAL Uncaught Error: Call to a member function get_description() on boolean in /var/www/clients/client2/web21/web/wp-content/themes/golfcourse/templates/product-desrciption_list.php:752
Stack trace:
#0 /var/www/clients/client2/web21/web/wp-includes/template-loader.php(74): include()
#1 /var/www/clients/client2/web21/web/wp-blog-header.php(19): require_once('/var/www/client...')
#2 /var/www/clients/client2/web21/web/index.php(17): require('/var/www/client...')
#3 {main}
  thrown in /var/www/clients/client2/web21/web/wp-content/themes/golfcourse/templates/product-desrciption_list.php on line 752

2020-02-12T04:16:09+00:00 CRITICAL Uncaught Error: Call to a member function get_description() on boolean in /var/www/clients/client2/web21/web/wp-content/themes/golfcourse/templates/product-desrciption_list.php:752
Stack trace:
#0 /var/www/clients/client2/web21/web/wp-includes/template-loader.php(74): include()
#1 /var/www/clients/client2/web21/web/wp-blog-header.php(19): require_once('/var/www/client...')
#2 /var/www/clients/client2/web21/web/index.php(17): require('/var/www/client...')
#3 {main}
  thrown in /var/www/clients/client2/web21/web/wp-content/themes/golfcourse/templates/product-desrciption_list.php on line 752

2020-02-12T04:16:10+00:00 CRITICAL Uncaught Error: Call to a member function get_description() on boolean in /var/www/clients/client2/web21/web/wp-content/themes/golfcourse/templates/product-desrciption_list.php:752
Stack trace:
#0 /var/www/clients/client2/web21/web/wp-includes/template-loader.php(74): include()
#1 /var/www/clients/client2/web21/web/wp-blog-header.php(19): require_once('/var/www/client...')
#2 /var/www/clients/client2/web21/web/index.php(17): require('/var/www/client...')
#3 {main}
  thrown in /var/www/clients/client2/web21/web/wp-content/themes/golfcourse/templates/product-desrciption_list.php on line 752

2020-02-12T04:16:11+00:00 CRITICAL Uncaught Error: Call to a member function get_description() on boolean in /var/www/clients/client2/web21/web/wp-content/themes/golfcourse/templates/product-desrciption_list.php:752
Stack trace:
#0 /var/www/clients/client2/web21/web/wp-includes/template-loader.php(74): include()
#1 /var/www/clients/client2/web21/web/wp-blog-header.php(19): require_once('/var/www/client...')
#2 /var/www/clients/client2/web21/web/index.php(17): require('/var/www/client...')
#3 {main}
  thrown in /var/www/clients/client2/web21/web/wp-content/themes/golfcourse/templates/product-desrciption_list.php on line 752

2020-02-12T04:16:12+00:00 CRITICAL Uncaught Error: Call to a member function get_description() on boolean in /var/www/clients/client2/web21/web/wp-content/themes/golfcourse/templates/product-desrciption_list.php:752
Stack trace:
#0 /var/www/clients/client2/web21/web/wp-includes/template-loader.php(74): include()
#1 /var/www/clients/client2/web21/web/wp-blog-header.php(19): require_once('/var/www/client...')
#2 /var/www/clients/client2/web21/web/index.php(17): require('/var/www/client...')
#3 {main}
  thrown in /var/www/clients/client2/web21/web/wp-content/themes/golfcourse/templates/product-desrciption_list.php on line 752

2020-02-12T04:16:13+00:00 CRITICAL Uncaught Error: Call to a member function get_description() on boolean in /var/www/clients/client2/web21/web/wp-content/themes/golfcourse/templates/product-desrciption_list.php:752
Stack trace:
#0 /var/www/clients/client2/web21/web/wp-includes/template-loader.php(74): include()
#1 /var/www/clients/client2/web21/web/wp-blog-header.php(19): require_once('/var/www/client...')
#2 /var/www/clients/client2/web21/web/index.php(17): require('/var/www/client...')
#3 {main}
  thrown in /var/www/clients/client2/web21/web/wp-content/themes/golfcourse/templates/product-desrciption_list.php on line 752

2020-02-12T04:16:14+00:00 CRITICAL Uncaught Error: Call to a member function get_description() on boolean in /var/www/clients/client2/web21/web/wp-content/themes/golfcourse/templates/product-desrciption_list.php:752
Stack trace:
#0 /var/www/clients/client2/web21/web/wp-includes/template-loader.php(74): include()
#1 /var/www/clients/client2/web21/web/wp-blog-header.php(19): require_once('/var/www/client...')
#2 /var/www/clients/client2/web21/web/index.php(17): require('/var/www/client...')
#3 {main}
  thrown in /var/www/clients/client2/web21/web/wp-content/themes/golfcourse/templates/product-desrciption_list.php on line 752

2020-02-12T04:16:15+00:00 CRITICAL Uncaught Error: Call to a member function get_description() on boolean in /var/www/clients/client2/web21/web/wp-content/themes/golfcourse/templates/product-desrciption_list.php:752
Stack trace:
#0 /var/www/clients/client2/web21/web/wp-includes/template-loader.php(74): include()
#1 /var/www/clients/client2/web21/web/wp-blog-header.php(19): require_once('/var/www/client...')
#2 /var/www/clients/client2/web21/web/index.php(17): require('/var/www/client...')
#3 {main}
  thrown in /var/www/clients/client2/web21/web/wp-content/themes/golfcourse/templates/product-desrciption_list.php on line 752

2020-02-12T04:16:16+00:00 CRITICAL Uncaught Error: Call to a member function get_description() on boolean in /var/www/clients/client2/web21/web/wp-content/themes/golfcourse/templates/product-desrciption_list.php:752
Stack trace:
#0 /var/www/clients/client2/web21/web/wp-includes/template-loader.php(74): include()
#1 /var/www/clients/client2/web21/web/wp-blog-header.php(19): require_once('/var/www/client...')
#2 /var/www/clients/client2/web21/web/index.php(17): require('/var/www/client...')
#3 {main}
  thrown in /var/www/clients/client2/web21/web/wp-content/themes/golfcourse/templates/product-desrciption_list.php on line 752

2020-02-12T04:16:16+00:00 CRITICAL Uncaught Error: Call to a member function get_description() on boolean in /var/www/clients/client2/web21/web/wp-content/themes/golfcourse/templates/product-desrciption_list.php:752
Stack trace:
#0 /var/www/clients/client2/web21/web/wp-includes/template-loader.php(74): include()
#1 /var/www/clients/client2/web21/web/wp-blog-header.php(19): require_once('/var/www/client...')
#2 /var/www/clients/client2/web21/web/index.php(17): require('/var/www/client...')
#3 {main}
  thrown in /var/www/clients/client2/web21/web/wp-content/themes/golfcourse/templates/product-desrciption_list.php on line 752

2020-02-12T04:16:17+00:00 CRITICAL Uncaught Error: Call to a member function get_description() on boolean in /var/www/clients/client2/web21/web/wp-content/themes/golfcourse/templates/product-desrciption_list.php:752
Stack trace:
#0 /var/www/clients/client2/web21/web/wp-includes/template-loader.php(74): include()
#1 /var/www/clients/client2/web21/web/wp-blog-header.php(19): require_once('/var/www/client...')
#2 /var/www/clients/client2/web21/web/index.php(17): require('/var/www/client...')
#3 {main}
  thrown in /var/www/clients/client2/web21/web/wp-content/themes/golfcourse/templates/product-desrciption_list.php on line 752

2020-02-12T04:16:19+00:00 CRITICAL Uncaught Error: Call to a member function get_description() on boolean in /var/www/clients/client2/web21/web/wp-content/themes/golfcourse/templates/product-desrciption_list.php:752
Stack trace:
#0 /var/www/clients/client2/web21/web/wp-includes/template-loader.php(74): include()
#1 /var/www/clients/client2/web21/web/wp-blog-header.php(19): require_once('/var/www/client...')
#2 /var/www/clients/client2/web21/web/index.php(17): require('/var/www/client...')
#3 {main}
  thrown in /var/www/clients/client2/web21/web/wp-content/themes/golfcourse/templates/product-desrciption_list.php on line 752

2020-02-12T04:16:21+00:00 CRITICAL Uncaught Error: Call to a member function get_description() on boolean in /var/www/clients/client2/web21/web/wp-content/themes/golfcourse/templates/product-desrciption_list.php:752
Stack trace:
#0 /var/www/clients/client2/web21/web/wp-includes/template-loader.php(74): include()
#1 /var/www/clients/client2/web21/web/wp-blog-header.php(19): require_once('/var/www/client...')
#2 /var/www/clients/client2/web21/web/index.php(17): require('/var/www/client...')
#3 {main}
  thrown in /var/www/clients/client2/web21/web/wp-content/themes/golfcourse/templates/product-desrciption_list.php on line 752

2020-02-12T04:16:23+00:00 CRITICAL Uncaught Error: Call to a member function get_description() on boolean in /var/www/clients/client2/web21/web/wp-content/themes/golfcourse/templates/product-desrciption_list.php:752
Stack trace:
#0 /var/www/clients/client2/web21/web/wp-includes/template-loader.php(74): include()
#1 /var/www/clients/client2/web21/web/wp-blog-header.php(19): require_once('/var/www/client...')
#2 /var/www/clients/client2/web21/web/index.php(17): require('/var/www/client...')
#3 {main}
  thrown in /var/www/clients/client2/web21/web/wp-content/themes/golfcourse/templates/product-desrciption_list.php on line 752

2020-02-12T04:16:24+00:00 CRITICAL Uncaught Error: Call to a member function get_description() on boolean in /var/www/clients/client2/web21/web/wp-content/themes/golfcourse/templates/product-desrciption_list.php:752
Stack trace:
#0 /var/www/clients/client2/web21/web/wp-includes/template-loader.php(74): include()
#1 /var/www/clients/client2/web21/web/wp-blog-header.php(19): require_once('/var/www/client...')
#2 /var/www/clients/client2/web21/web/index.php(17): require('/var/www/client...')
#3 {main}
  thrown in /var/www/clients/client2/web21/web/wp-content/themes/golfcourse/templates/product-desrciption_list.php on line 752

2020-02-12T04:16:25+00:00 CRITICAL Uncaught Error: Call to a member function get_description() on boolean in /var/www/clients/client2/web21/web/wp-content/themes/golfcourse/templates/product-desrciption_list.php:752
Stack trace:
#0 /var/www/clients/client2/web21/web/wp-includes/template-loader.php(74): include()
#1 /var/www/clients/client2/web21/web/wp-blog-header.php(19): require_once('/var/www/client...')
#2 /var/www/clients/client2/web21/web/index.php(17): require('/var/www/client...')
#3 {main}
  thrown in /var/www/clients/client2/web21/web/wp-content/themes/golfcourse/templates/product-desrciption_list.php on line 752

2020-02-12T04:16:26+00:00 CRITICAL Uncaught Error: Call to a member function get_description() on boolean in /var/www/clients/client2/web21/web/wp-content/themes/golfcourse/templates/product-desrciption_list.php:752
Stack trace:
#0 /var/www/clients/client2/web21/web/wp-includes/template-loader.php(74): include()
#1 /var/www/clients/client2/web21/web/wp-blog-header.php(19): require_once('/var/www/client...')
#2 /var/www/clients/client2/web21/web/index.php(17): require('/var/www/client...')
#3 {main}
  thrown in /var/www/clients/client2/web21/web/wp-content/themes/golfcourse/templates/product-desrciption_list.php on line 752

2020-02-12T04:16:27+00:00 CRITICAL Uncaught Error: Call to a member function get_description() on boolean in /var/www/clients/client2/web21/web/wp-content/themes/golfcourse/templates/product-desrciption_list.php:752
Stack trace:
#0 /var/www/clients/client2/web21/web/wp-includes/template-loader.php(74): include()
#1 /var/www/clients/client2/web21/web/wp-blog-header.php(19): require_once('/var/www/client...')
#2 /var/www/clients/client2/web21/web/index.php(17): require('/var/www/client...')
#3 {main}
  thrown in /var/www/clients/client2/web21/web/wp-content/themes/golfcourse/templates/product-desrciption_list.php on line 752

2020-02-12T04:16:28+00:00 CRITICAL Uncaught Error: Call to a member function get_description() on boolean in /var/www/clients/client2/web21/web/wp-content/themes/golfcourse/templates/product-desrciption_list.php:752
Stack trace:
#0 /var/www/clients/client2/web21/web/wp-includes/template-loader.php(74): include()
#1 /var/www/clients/client2/web21/web/wp-blog-header.php(19): require_once('/var/www/client...')
#2 /var/www/clients/client2/web21/web/index.php(17): require('/var/www/client...')
#3 {main}
  thrown in /var/www/clients/client2/web21/web/wp-content/themes/golfcourse/templates/product-desrciption_list.php on line 752

2020-02-12T04:16:29+00:00 CRITICAL Uncaught Error: Call to a member function get_description() on boolean in /var/www/clients/client2/web21/web/wp-content/themes/golfcourse/templates/product-desrciption_list.php:752
Stack trace:
#0 /var/www/clients/client2/web21/web/wp-includes/template-loader.php(74): include()
#1 /var/www/clients/client2/web21/web/wp-blog-header.php(19): require_once('/var/www/client...')
#2 /var/www/clients/client2/web21/web/index.php(17): require('/var/www/client...')
#3 {main}
  thrown in /var/www/clients/client2/web21/web/wp-content/themes/golfcourse/templates/product-desrciption_list.php on line 752

2020-02-12T04:16:30+00:00 CRITICAL Uncaught Error: Call to a member function get_description() on boolean in /var/www/clients/client2/web21/web/wp-content/themes/golfcourse/templates/product-desrciption_list.php:752
Stack trace:
#0 /var/www/clients/client2/web21/web/wp-includes/template-loader.php(74): include()
#1 /var/www/clients/client2/web21/web/wp-blog-header.php(19): require_once('/var/www/client...')
#2 /var/www/clients/client2/web21/web/index.php(17): require('/var/www/client...')
#3 {main}
  thrown in /var/www/clients/client2/web21/web/wp-content/themes/golfcourse/templates/product-desrciption_list.php on line 752

2020-02-12T04:16:31+00:00 CRITICAL Uncaught Error: Call to a member function get_description() on boolean in /var/www/clients/client2/web21/web/wp-content/themes/golfcourse/templates/product-desrciption_list.php:752
Stack trace:
#0 /var/www/clients/client2/web21/web/wp-includes/template-loader.php(74): include()
#1 /var/www/clients/client2/web21/web/wp-blog-header.php(19): require_once('/var/www/client...')
#2 /var/www/clients/client2/web21/web/index.php(17): require('/var/www/client...')
#3 {main}
  thrown in /var/www/clients/client2/web21/web/wp-content/themes/golfcourse/templates/product-desrciption_list.php on line 752

2020-02-12T04:16:32+00:00 CRITICAL Uncaught Error: Call to a member function get_description() on boolean in /var/www/clients/client2/web21/web/wp-content/themes/golfcourse/templates/product-desrciption_list.php:752
Stack trace:
#0 /var/www/clients/client2/web21/web/wp-includes/template-loader.php(74): include()
#1 /var/www/clients/client2/web21/web/wp-blog-header.php(19): require_once('/var/www/client...')
#2 /var/www/clients/client2/web21/web/index.php(17): require('/var/www/client...')
#3 {main}
  thrown in /var/www/clients/client2/web21/web/wp-content/themes/golfcourse/templates/product-desrciption_list.php on line 752

2020-02-12T04:16:33+00:00 CRITICAL Uncaught Error: Call to a member function get_description() on boolean in /var/www/clients/client2/web21/web/wp-content/themes/golfcourse/templates/product-desrciption_list.php:752
Stack trace:
#0 /var/www/clients/client2/web21/web/wp-includes/template-loader.php(74): include()
#1 /var/www/clients/client2/web21/web/wp-blog-header.php(19): require_once('/var/www/client...')
#2 /var/www/clients/client2/web21/web/index.php(17): require('/var/www/client...')
#3 {main}
  thrown in /var/www/clients/client2/web21/web/wp-content/themes/golfcourse/templates/product-desrciption_list.php on line 752

2020-02-12T04:16:34+00:00 CRITICAL Uncaught Error: Call to a member function get_description() on boolean in /var/www/clients/client2/web21/web/wp-content/themes/golfcourse/templates/product-desrciption_list.php:752
Stack trace:
#0 /var/www/clients/client2/web21/web/wp-includes/template-loader.php(74): include()
#1 /var/www/clients/client2/web21/web/wp-blog-header.php(19): require_once('/var/www/client...')
#2 /var/www/clients/client2/web21/web/index.php(17): require('/var/www/client...')
#3 {main}
  thrown in /var/www/clients/client2/web21/web/wp-content/themes/golfcourse/templates/product-desrciption_list.php on line 752

2020-02-12T04:16:36+00:00 CRITICAL Uncaught Error: Call to a member function get_description() on boolean in /var/www/clients/client2/web21/web/wp-content/themes/golfcourse/templates/product-desrciption_list.php:752
Stack trace:
#0 /var/www/clients/client2/web21/web/wp-includes/template-loader.php(74): include()
#1 /var/www/clients/client2/web21/web/wp-blog-header.php(19): require_once('/var/www/client...')
#2 /var/www/clients/client2/web21/web/index.php(17): require('/var/www/client...')
#3 {main}
  thrown in /var/www/clients/client2/web21/web/wp-content/themes/golfcourse/templates/product-desrciption_list.php on line 752

2020-02-12T04:16:37+00:00 CRITICAL Uncaught Error: Call to a member function get_description() on boolean in /var/www/clients/client2/web21/web/wp-content/themes/golfcourse/templates/product-desrciption_list.php:752
Stack trace:
#0 /var/www/clients/client2/web21/web/wp-includes/template-loader.php(74): include()
#1 /var/www/clients/client2/web21/web/wp-blog-header.php(19): require_once('/var/www/client...')
#2 /var/www/clients/client2/web21/web/index.php(17): require('/var/www/client...')
#3 {main}
  thrown in /var/www/clients/client2/web21/web/wp-content/themes/golfcourse/templates/product-desrciption_list.php on line 752

2020-02-12T04:16:38+00:00 CRITICAL Uncaught Error: Call to a member function get_description() on boolean in /var/www/clients/client2/web21/web/wp-content/themes/golfcourse/templates/product-desrciption_list.php:752
Stack trace:
#0 /var/www/clients/client2/web21/web/wp-includes/template-loader.php(74): include()
#1 /var/www/clients/client2/web21/web/wp-blog-header.php(19): require_once('/var/www/client...')
#2 /var/www/clients/client2/web21/web/index.php(17): require('/var/www/client...')
#3 {main}
  thrown in /var/www/clients/client2/web21/web/wp-content/themes/golfcourse/templates/product-desrciption_list.php on line 752

2020-02-12T04:16:39+00:00 CRITICAL Uncaught Error: Call to a member function get_description() on boolean in /var/www/clients/client2/web21/web/wp-content/themes/golfcourse/templates/product-desrciption_list.php:752
Stack trace:
#0 /var/www/clients/client2/web21/web/wp-includes/template-loader.php(74): include()
#1 /var/www/clients/client2/web21/web/wp-blog-header.php(19): require_once('/var/www/client...')
#2 /var/www/clients/client2/web21/web/index.php(17): require('/var/www/client...')
#3 {main}
  thrown in /var/www/clients/client2/web21/web/wp-content/themes/golfcourse/templates/product-desrciption_list.php on line 752

