BEGIN 2019-05-02 13:35:34
[Line 1] Sorry, that username already exists!
[Line 2] Sorry, that username already exists!
[Line 3] Sorry, that username already exists!
[Line 4] Sorry, that username already exists!
[Line 5] Sorry, that username already exists!
[Line 6] Sorry, that username already exists!
[Line 7] Sorry, that username already exists!
[Line 8] Sorry, that username already exists!
[Line 9] Sorry, that username already exists!
[Line 10] Sorry, that username already exists!
[Line 11] Sorry, that username already exists!
[Line 12] Sorry, that username already exists!
[Line 13] Sorry, that username already exists!
[Line 14] Sorry, that username already exists!
[Line 15] Sorry, that username already exists!
[Line 16] Sorry, that username already exists!
[Line 17] Sorry, that username already exists!
[Line 18] Sorry, that username already exists!
[Line 19] Sorry, that username already exists!
[Line 20] Sorry, that username already exists!
[Line 21] Sorry, that username already exists!
[Line 22] Sorry, that username already exists!
[Line 23] Sorry, that username already exists!
[Line 24] Sorry, that username already exists!
[Line 25] Sorry, that username already exists!
[Line 26] Sorry, that username already exists!
[Line 27] Sorry, that username already exists!
[Line 28] Sorry, that username already exists!
[Line 29] Sorry, that username already exists!
[Line 30] Sorry, that username already exists!
[Line 31] Sorry, that username already exists!
[Line 32] Sorry, that username already exists!
[Line 33] Sorry, that username already exists!
[Line 34] Sorry, that username already exists!
[Line 35] Sorry, that username already exists!
[Line 36] Sorry, that username already exists!
[Line 37] Sorry, that username already exists!
[Line 38] Sorry, that username already exists!
[Line 39] Sorry, that username already exists!
[Line 40] Sorry, that username already exists!
[Line 41] Sorry, that username already exists!
[Line 42] Sorry, that username already exists!
[Line 43] Sorry, that username already exists!
[Line 44] Sorry, that username already exists!
[Line 45] Sorry, that username already exists!
[Line 46] Sorry, that username already exists!
[Line 47] Sorry, that username already exists!
[Line 48] Sorry, that username already exists!
[Line 49] Sorry, that username already exists!
[Line 50] Sorry, that username already exists!
[Line 51] Sorry, that username already exists!
[Line 52] Sorry, that username already exists!
[Line 53] Sorry, that username already exists!
[Line 54] Sorry, that username already exists!
[Line 55] Sorry, that username already exists!
[Line 56] Sorry, that username already exists!
[Line 57] Sorry, that username already exists!
[Line 58] Sorry, that username already exists!
[Line 59] Sorry, that username already exists!
[Line 60] Sorry, that username already exists!
[Line 61] Sorry, that username already exists!
[Line 62] Sorry, that username already exists!
[Line 63] Sorry, that username already exists!
[Line 64] Sorry, that username already exists!
[Line 65] Sorry, that username already exists!
[Line 66] Sorry, that username already exists!
[Line 67] Sorry, that username already exists!
[Line 68] Sorry, that username already exists!
[Line 69] Sorry, that username already exists!
[Line 70] Sorry, that username already exists!
[Line 71] Sorry, that username already exists!
[Line 72] Sorry, that username already exists!
[Line 73] Sorry, that username already exists!
[Line 74] Sorry, that username already exists!
[Line 75] Sorry, that username already exists!
[Line 76] Sorry, that username already exists!
[Line 77] Sorry, that username already exists!
[Line 78] Sorry, that username already exists!
[Line 79] Sorry, that username already exists!
[Line 80] Sorry, that username already exists!
[Line 81] Sorry, that username already exists!
[Line 82] Sorry, that username already exists!
[Line 83] Sorry, that username already exists!
[Line 84] Sorry, that username already exists!
[Line 85] Sorry, that username already exists!
[Line 86] Sorry, that username already exists!
[Line 87] Sorry, that username already exists!
[Line 88] Sorry, that username already exists!
[Line 89] Sorry, that username already exists!
[Line 90] Sorry, that username already exists!
[Line 91] Sorry, that username already exists!
[Line 92] Sorry, that username already exists!
[Line 93] Sorry, that username already exists!
[Line 94] Sorry, that username already exists!
[Line 95] Sorry, that username already exists!
[Line 96] Sorry, that username already exists!
[Line 97] Sorry, that username already exists!
[Line 98] Sorry, that username already exists!
[Line 99] Sorry, that username already exists!
[Line 100] Sorry, that username already exists!
[Line 101] Sorry, that username already exists!
[Line 102] Sorry, that username already exists!
[Line 103] Sorry, that username already exists!
[Line 104] Sorry, that username already exists!
[Line 105] Sorry, that username already exists!
[Line 106] Sorry, that username already exists!
[Line 107] Sorry, that username already exists!
[Line 108] Sorry, that username already exists!
BEGIN 2019-05-02 13:36:42
[Line 1] Sorry, that username already exists!
[Line 2] Sorry, that username already exists!
[Line 3] Sorry, that username already exists!
[Line 4] Sorry, that username already exists!
[Line 5] Sorry, that username already exists!
[Line 6] Sorry, that username already exists!
[Line 7] Sorry, that username already exists!
[Line 8] Sorry, that username already exists!
[Line 9] Sorry, that username already exists!
[Line 10] Sorry, that username already exists!
[Line 11] Sorry, that username already exists!
[Line 12] Sorry, that username already exists!
[Line 13] Sorry, that username already exists!
[Line 14] Sorry, that username already exists!
[Line 15] Sorry, that username already exists!
[Line 16] Sorry, that username already exists!
[Line 17] Sorry, that username already exists!
[Line 18] Sorry, that username already exists!
[Line 19] Sorry, that username already exists!
[Line 20] Sorry, that username already exists!
[Line 21] Sorry, that username already exists!
[Line 22] Sorry, that username already exists!
[Line 23] Sorry, that username already exists!
[Line 24] Sorry, that username already exists!
[Line 25] Sorry, that username already exists!
[Line 26] Sorry, that username already exists!
[Line 27] Sorry, that username already exists!
[Line 28] Sorry, that username already exists!
[Line 29] Sorry, that username already exists!
[Line 30] Sorry, that username already exists!
[Line 31] Sorry, that username already exists!
[Line 32] Sorry, that username already exists!
[Line 33] Sorry, that username already exists!
[Line 34] Sorry, that username already exists!
[Line 35] Sorry, that username already exists!
[Line 36] Sorry, that username already exists!
[Line 37] Sorry, that username already exists!
[Line 38] Sorry, that username already exists!
[Line 39] Sorry, that username already exists!
[Line 40] Sorry, that username already exists!
[Line 41] Sorry, that username already exists!
[Line 42] Sorry, that username already exists!
[Line 43] Sorry, that username already exists!
[Line 44] Sorry, that username already exists!
[Line 45] Sorry, that username already exists!
[Line 46] Sorry, that username already exists!
[Line 47] Sorry, that username already exists!
[Line 48] Sorry, that username already exists!
[Line 49] Sorry, that username already exists!
[Line 50] Sorry, that username already exists!
[Line 51] Sorry, that username already exists!
[Line 52] Sorry, that username already exists!
[Line 53] Sorry, that username already exists!
[Line 54] Sorry, that username already exists!
[Line 55] Sorry, that username already exists!
[Line 56] Sorry, that username already exists!
[Line 57] Sorry, that username already exists!
[Line 58] Sorry, that username already exists!
[Line 59] Sorry, that username already exists!
[Line 60] Sorry, that username already exists!
[Line 61] Sorry, that username already exists!
[Line 62] Sorry, that username already exists!
[Line 63] Sorry, that username already exists!
[Line 64] Sorry, that username already exists!
[Line 65] Sorry, that username already exists!
[Line 66] Sorry, that username already exists!
[Line 67] Sorry, that username already exists!
[Line 68] Sorry, that username already exists!
[Line 69] Sorry, that username already exists!
[Line 70] Sorry, that username already exists!
[Line 71] Sorry, that username already exists!
[Line 72] Sorry, that username already exists!
[Line 73] Sorry, that username already exists!
[Line 74] Sorry, that username already exists!
[Line 75] Sorry, that username already exists!
[Line 76] Sorry, that username already exists!
[Line 77] Sorry, that username already exists!
[Line 78] Sorry, that username already exists!
[Line 79] Sorry, that username already exists!
[Line 80] Sorry, that username already exists!
[Line 81] Sorry, that username already exists!
[Line 82] Sorry, that username already exists!
[Line 83] Sorry, that username already exists!
[Line 84] Sorry, that username already exists!
[Line 85] Sorry, that username already exists!
[Line 86] Sorry, that username already exists!
[Line 87] Sorry, that username already exists!
[Line 88] Sorry, that username already exists!
[Line 89] Sorry, that username already exists!
[Line 90] Sorry, that username already exists!
[Line 91] Sorry, that username already exists!
[Line 92] Sorry, that username already exists!
[Line 93] Sorry, that username already exists!
[Line 94] Sorry, that username already exists!
[Line 95] Sorry, that username already exists!
[Line 96] Sorry, that username already exists!
[Line 97] Sorry, that username already exists!
[Line 98] Sorry, that username already exists!
[Line 99] Sorry, that username already exists!
[Line 100] Sorry, that username already exists!
[Line 101] Sorry, that username already exists!
[Line 102] Sorry, that username already exists!
[Line 103] Sorry, that username already exists!
[Line 104] Sorry, that username already exists!
[Line 105] Sorry, that username already exists!
[Line 106] Sorry, that username already exists!
[Line 107] Sorry, that username already exists!
[Line 108] Sorry, that username already exists!
BEGIN 2019-05-30 05:07:20
[Line 26] Cannot create a user with an empty login name.
[Line 27] Cannot create a user with an empty login name.
[Line 28] Cannot create a user with an empty login name.
[Line 29] Cannot create a user with an empty login name.
[Line 30] Cannot create a user with an empty login name.
[Line 31] Cannot create a user with an empty login name.
[Line 32] Cannot create a user with an empty login name.
[Line 33] Cannot create a user with an empty login name.
[Line 34] Cannot create a user with an empty login name.
[Line 35] Cannot create a user with an empty login name.
[Line 36] Cannot create a user with an empty login name.
[Line 37] Cannot create a user with an empty login name.
[Line 38] Cannot create a user with an empty login name.
[Line 39] Cannot create a user with an empty login name.
[Line 40] Cannot create a user with an empty login name.
[Line 41] Cannot create a user with an empty login name.
[Line 42] Cannot create a user with an empty login name.
[Line 43] Cannot create a user with an empty login name.
[Line 44] Cannot create a user with an empty login name.
[Line 45] Cannot create a user with an empty login name.
[Line 46] Cannot create a user with an empty login name.
[Line 47] Cannot create a user with an empty login name.
[Line 48] Cannot create a user with an empty login name.
[Line 49] Cannot create a user with an empty login name.
[Line 50] Cannot create a user with an empty login name.
[Line 51] Cannot create a user with an empty login name.
[Line 52] Cannot create a user with an empty login name.
[Line 53] Cannot create a user with an empty login name.
[Line 54] Cannot create a user with an empty login name.
[Line 55] Cannot create a user with an empty login name.
[Line 56] Cannot create a user with an empty login name.
[Line 57] Cannot create a user with an empty login name.
[Line 58] Cannot create a user with an empty login name.
[Line 59] Cannot create a user with an empty login name.
[Line 60] Cannot create a user with an empty login name.
[Line 61] Cannot create a user with an empty login name.
[Line 62] Cannot create a user with an empty login name.
[Line 63] Cannot create a user with an empty login name.
[Line 64] Cannot create a user with an empty login name.
[Line 65] Cannot create a user with an empty login name.
[Line 66] Cannot create a user with an empty login name.
[Line 67] Cannot create a user with an empty login name.
[Line 68] Cannot create a user with an empty login name.
[Line 69] Cannot create a user with an empty login name.
[Line 70] Cannot create a user with an empty login name.
[Line 71] Cannot create a user with an empty login name.
[Line 72] Cannot create a user with an empty login name.
[Line 73] Cannot create a user with an empty login name.
[Line 74] Cannot create a user with an empty login name.
[Line 75] Cannot create a user with an empty login name.
[Line 76] Cannot create a user with an empty login name.
[Line 77] Cannot create a user with an empty login name.
[Line 78] Cannot create a user with an empty login name.
[Line 79] Cannot create a user with an empty login name.
[Line 80] Cannot create a user with an empty login name.
[Line 81] Cannot create a user with an empty login name.
[Line 82] Cannot create a user with an empty login name.
[Line 83] Cannot create a user with an empty login name.
[Line 84] Cannot create a user with an empty login name.
[Line 85] Cannot create a user with an empty login name.
[Line 86] Cannot create a user with an empty login name.
[Line 87] Cannot create a user with an empty login name.
[Line 88] Cannot create a user with an empty login name.
[Line 89] Cannot create a user with an empty login name.
[Line 90] Cannot create a user with an empty login name.
[Line 91] Cannot create a user with an empty login name.
[Line 92] Cannot create a user with an empty login name.
[Line 93] Cannot create a user with an empty login name.
[Line 94] Cannot create a user with an empty login name.
[Line 95] Cannot create a user with an empty login name.
[Line 96] Cannot create a user with an empty login name.
[Line 97] Cannot create a user with an empty login name.
[Line 98] Cannot create a user with an empty login name.
[Line 99] Cannot create a user with an empty login name.
[Line 100] Cannot create a user with an empty login name.
[Line 101] Cannot create a user with an empty login name.
[Line 102] Cannot create a user with an empty login name.
[Line 103] Cannot create a user with an empty login name.
[Line 104] Cannot create a user with an empty login name.
[Line 105] Cannot create a user with an empty login name.
[Line 106] Cannot create a user with an empty login name.
[Line 107] Cannot create a user with an empty login name.
[Line 108] Cannot create a user with an empty login name.
[Line 109] Cannot create a user with an empty login name.
[Line 110] Cannot create a user with an empty login name.
[Line 111] Cannot create a user with an empty login name.
[Line 112] Cannot create a user with an empty login name.
[Line 113] Cannot create a user with an empty login name.
[Line 114] Cannot create a user with an empty login name.
[Line 115] Cannot create a user with an empty login name.
[Line 116] Cannot create a user with an empty login name.
[Line 117] Cannot create a user with an empty login name.
[Line 118] Cannot create a user with an empty login name.
[Line 119] Cannot create a user with an empty login name.
[Line 120] Cannot create a user with an empty login name.
[Line 121] Cannot create a user with an empty login name.
[Line 122] Cannot create a user with an empty login name.
[Line 123] Cannot create a user with an empty login name.
[Line 124] Cannot create a user with an empty login name.
[Line 125] Cannot create a user with an empty login name.
[Line 126] Cannot create a user with an empty login name.
[Line 127] Cannot create a user with an empty login name.
[Line 128] Cannot create a user with an empty login name.
[Line 129] Cannot create a user with an empty login name.
[Line 130] Cannot create a user with an empty login name.
[Line 131] Cannot create a user with an empty login name.
[Line 132] Cannot create a user with an empty login name.
[Line 133] Cannot create a user with an empty login name.
[Line 134] Cannot create a user with an empty login name.
[Line 135] Cannot create a user with an empty login name.
[Line 136] Cannot create a user with an empty login name.
[Line 137] Cannot create a user with an empty login name.
[Line 138] Cannot create a user with an empty login name.
[Line 139] Cannot create a user with an empty login name.
[Line 140] Cannot create a user with an empty login name.
[Line 141] Cannot create a user with an empty login name.
[Line 142] Cannot create a user with an empty login name.
[Line 143] Cannot create a user with an empty login name.
[Line 144] Cannot create a user with an empty login name.
[Line 145] Cannot create a user with an empty login name.
[Line 146] Cannot create a user with an empty login name.
[Line 147] Cannot create a user with an empty login name.
[Line 148] Cannot create a user with an empty login name.
[Line 149] Cannot create a user with an empty login name.
[Line 150] Cannot create a user with an empty login name.
[Line 151] Cannot create a user with an empty login name.
[Line 152] Cannot create a user with an empty login name.
[Line 153] Cannot create a user with an empty login name.
[Line 154] Cannot create a user with an empty login name.
[Line 155] Cannot create a user with an empty login name.
[Line 156] Cannot create a user with an empty login name.
[Line 157] Cannot create a user with an empty login name.
[Line 158] Cannot create a user with an empty login name.
[Line 159] Cannot create a user with an empty login name.
[Line 160] Cannot create a user with an empty login name.
[Line 161] Cannot create a user with an empty login name.
[Line 162] Cannot create a user with an empty login name.
[Line 163] Cannot create a user with an empty login name.
[Line 164] Cannot create a user with an empty login name.
[Line 165] Cannot create a user with an empty login name.
[Line 166] Cannot create a user with an empty login name.
[Line 167] Cannot create a user with an empty login name.
[Line 168] Cannot create a user with an empty login name.
[Line 169] Cannot create a user with an empty login name.
[Line 170] Cannot create a user with an empty login name.
[Line 171] Cannot create a user with an empty login name.
[Line 172] Cannot create a user with an empty login name.
[Line 173] Cannot create a user with an empty login name.
[Line 174] Cannot create a user with an empty login name.
[Line 175] Cannot create a user with an empty login name.
[Line 176] Cannot create a user with an empty login name.
[Line 177] Cannot create a user with an empty login name.
[Line 178] Cannot create a user with an empty login name.
[Line 179] Cannot create a user with an empty login name.
[Line 180] Cannot create a user with an empty login name.
[Line 181] Cannot create a user with an empty login name.
[Line 182] Cannot create a user with an empty login name.
[Line 183] Cannot create a user with an empty login name.
[Line 184] Cannot create a user with an empty login name.
[Line 185] Cannot create a user with an empty login name.
[Line 186] Cannot create a user with an empty login name.
[Line 187] Cannot create a user with an empty login name.
[Line 188] Cannot create a user with an empty login name.
[Line 189] Cannot create a user with an empty login name.
[Line 190] Cannot create a user with an empty login name.
[Line 191] Cannot create a user with an empty login name.
[Line 192] Cannot create a user with an empty login name.
[Line 193] Cannot create a user with an empty login name.
[Line 194] Cannot create a user with an empty login name.
[Line 195] Cannot create a user with an empty login name.
[Line 196] Cannot create a user with an empty login name.
[Line 197] Cannot create a user with an empty login name.
[Line 198] Cannot create a user with an empty login name.
[Line 199] Cannot create a user with an empty login name.
[Line 200] Cannot create a user with an empty login name.
[Line 201] Cannot create a user with an empty login name.
[Line 202] Cannot create a user with an empty login name.
[Line 203] Cannot create a user with an empty login name.
[Line 204] Cannot create a user with an empty login name.
[Line 205] Cannot create a user with an empty login name.
[Line 206] Cannot create a user with an empty login name.
[Line 207] Cannot create a user with an empty login name.
[Line 208] Cannot create a user with an empty login name.
[Line 209] Cannot create a user with an empty login name.
[Line 210] Cannot create a user with an empty login name.
[Line 211] Cannot create a user with an empty login name.
[Line 212] Cannot create a user with an empty login name.
[Line 213] Cannot create a user with an empty login name.
[Line 214] Cannot create a user with an empty login name.
[Line 215] Cannot create a user with an empty login name.
[Line 216] Cannot create a user with an empty login name.
[Line 217] Cannot create a user with an empty login name.
[Line 218] Cannot create a user with an empty login name.
[Line 219] Cannot create a user with an empty login name.
[Line 220] Cannot create a user with an empty login name.
[Line 221] Cannot create a user with an empty login name.
[Line 222] Cannot create a user with an empty login name.
[Line 223] Cannot create a user with an empty login name.
[Line 224] Cannot create a user with an empty login name.
[Line 225] Cannot create a user with an empty login name.
[Line 226] Cannot create a user with an empty login name.
[Line 227] Cannot create a user with an empty login name.
[Line 228] Cannot create a user with an empty login name.
[Line 229] Cannot create a user with an empty login name.
[Line 230] Cannot create a user with an empty login name.
[Line 231] Cannot create a user with an empty login name.
[Line 232] Cannot create a user with an empty login name.
[Line 233] Cannot create a user with an empty login name.
[Line 234] Cannot create a user with an empty login name.
[Line 235] Cannot create a user with an empty login name.
[Line 236] Cannot create a user with an empty login name.
[Line 237] Cannot create a user with an empty login name.
[Line 238] Cannot create a user with an empty login name.
[Line 239] Cannot create a user with an empty login name.
[Line 240] Cannot create a user with an empty login name.
[Line 241] Cannot create a user with an empty login name.
[Line 242] Cannot create a user with an empty login name.
[Line 243] Cannot create a user with an empty login name.
[Line 244] Cannot create a user with an empty login name.
[Line 245] Cannot create a user with an empty login name.
[Line 246] Cannot create a user with an empty login name.
[Line 247] Cannot create a user with an empty login name.
[Line 248] Cannot create a user with an empty login name.
[Line 249] Cannot create a user with an empty login name.
[Line 250] Cannot create a user with an empty login name.
[Line 251] Cannot create a user with an empty login name.
[Line 252] Cannot create a user with an empty login name.
[Line 253] Cannot create a user with an empty login name.
[Line 254] Cannot create a user with an empty login name.
[Line 255] Cannot create a user with an empty login name.
[Line 256] Cannot create a user with an empty login name.
[Line 257] Cannot create a user with an empty login name.
[Line 258] Cannot create a user with an empty login name.
[Line 259] Cannot create a user with an empty login name.
[Line 260] Cannot create a user with an empty login name.
[Line 261] Cannot create a user with an empty login name.
[Line 262] Cannot create a user with an empty login name.
[Line 263] Cannot create a user with an empty login name.
[Line 264] Cannot create a user with an empty login name.
[Line 265] Cannot create a user with an empty login name.
[Line 266] Cannot create a user with an empty login name.
[Line 267] Cannot create a user with an empty login name.
BEGIN 2019-06-13 14:16:28
[Line 1] Sorry, that username already exists!
[Line 2] Sorry, that username already exists!
[Line 3] Sorry, that username already exists!
[Line 4] Sorry, that username already exists!
[Line 5] Sorry, that username already exists!
[Line 6] Sorry, that username already exists!
[Line 7] Sorry, that username already exists!
[Line 8] Sorry, that username already exists!
[Line 9] Sorry, that username already exists!
[Line 10] Sorry, that username already exists!
[Line 11] Sorry, that username already exists!
[Line 12] Sorry, that username already exists!
[Line 13] Sorry, that username already exists!
[Line 14] Sorry, that username already exists!
[Line 15] Sorry, that username already exists!
[Line 16] Sorry, that username already exists!
[Line 17] Sorry, that username already exists!
[Line 18] Sorry, that username already exists!
[Line 19] Sorry, that username already exists!
[Line 20] Sorry, that username already exists!
[Line 21] Sorry, that username already exists!
[Line 22] Sorry, that username already exists!
[Line 23] Sorry, that username already exists!
[Line 24] Sorry, that username already exists!
[Line 25] Sorry, that username already exists!
[Line 26] Sorry, that username already exists!
[Line 27] Sorry, that username already exists!
[Line 28] Sorry, that username already exists!
[Line 29] Sorry, that username already exists!
[Line 30] Sorry, that username already exists!
[Line 31] Sorry, that username already exists!
[Line 32] Sorry, that username already exists!
[Line 33] Sorry, that username already exists!
[Line 34] Sorry, that username already exists!
[Line 35] Sorry, that username already exists!
[Line 36] Sorry, that username already exists!
[Line 37] Sorry, that username already exists!
[Line 38] Sorry, that username already exists!
[Line 39] Sorry, that username already exists!
[Line 40] Sorry, that username already exists!
[Line 41] Sorry, that username already exists!
[Line 42] Sorry, that username already exists!
[Line 43] Sorry, that username already exists!
[Line 44] Sorry, that username already exists!
[Line 45] Sorry, that username already exists!
[Line 46] Sorry, that username already exists!
[Line 47] Sorry, that username already exists!
[Line 48] Sorry, that username already exists!
[Line 49] Sorry, that username already exists!
[Line 50] Sorry, that username already exists!
[Line 51] Sorry, that username already exists!
[Line 52] Sorry, that username already exists!
[Line 53] Sorry, that username already exists!
[Line 54] Sorry, that username already exists!
[Line 55] Sorry, that username already exists!
[Line 56] Sorry, that username already exists!
[Line 57] Sorry, that username already exists!
[Line 58] Sorry, that username already exists!
[Line 59] Sorry, that username already exists!
[Line 60] Sorry, that username already exists!
[Line 61] Sorry, that username already exists!
[Line 62] Sorry, that username already exists!
[Line 63] Sorry, that username already exists!
[Line 64] Sorry, that username already exists!
[Line 65] Sorry, that username already exists!
[Line 66] Sorry, that username already exists!
[Line 67] Sorry, that username already exists!
[Line 68] Sorry, that username already exists!
[Line 69] Sorry, that username already exists!
[Line 70] Sorry, that username already exists!
[Line 71] Sorry, that username already exists!
[Line 72] Sorry, that username already exists!
[Line 73] Sorry, that username already exists!
[Line 74] Sorry, that username already exists!
[Line 75] Sorry, that username already exists!
[Line 76] Sorry, that username already exists!
[Line 77] Sorry, that username already exists!
[Line 78] Sorry, that username already exists!
[Line 79] Sorry, that username already exists!
[Line 80] Sorry, that username already exists!
[Line 81] Sorry, that username already exists!
[Line 82] Sorry, that username already exists!
[Line 83] Sorry, that username already exists!
[Line 84] Sorry, that username already exists!
[Line 85] Sorry, that username already exists!
BEGIN 2019-08-27 11:15:34
[Line 102] Sorry, that email address is already used!
BEGIN 2019-08-27 11:18:26
[Line 1] Sorry, that username already exists!
[Line 2] Sorry, that username already exists!
[Line 3] Sorry, that username already exists!
[Line 4] Sorry, that username already exists!
[Line 5] Sorry, that username already exists!
[Line 6] Sorry, that username already exists!
[Line 7] Sorry, that username already exists!
[Line 8] Sorry, that username already exists!
[Line 9] Sorry, that username already exists!
[Line 10] Sorry, that username already exists!
[Line 11] Sorry, that username already exists!
[Line 12] Sorry, that username already exists!
[Line 13] Sorry, that username already exists!
[Line 14] Sorry, that username already exists!
[Line 15] Sorry, that username already exists!
[Line 16] Sorry, that username already exists!
[Line 17] Sorry, that username already exists!
[Line 18] Sorry, that username already exists!
[Line 19] Sorry, that username already exists!
[Line 20] Sorry, that username already exists!
[Line 21] Sorry, that username already exists!
[Line 22] Sorry, that username already exists!
[Line 23] Sorry, that username already exists!
[Line 24] Sorry, that username already exists!
[Line 25] Sorry, that username already exists!
[Line 26] Sorry, that username already exists!
[Line 27] Sorry, that username already exists!
[Line 28] Sorry, that username already exists!
[Line 29] Sorry, that username already exists!
[Line 30] Sorry, that username already exists!
[Line 31] Sorry, that username already exists!
[Line 32] Sorry, that username already exists!
[Line 33] Sorry, that username already exists!
[Line 34] Sorry, that username already exists!
[Line 35] Sorry, that username already exists!
[Line 36] Sorry, that username already exists!
[Line 37] Sorry, that username already exists!
[Line 38] Sorry, that username already exists!
[Line 39] Sorry, that username already exists!
[Line 40] Sorry, that username already exists!
[Line 41] Sorry, that username already exists!
[Line 42] Sorry, that username already exists!
[Line 43] Sorry, that username already exists!
[Line 44] Sorry, that username already exists!
[Line 45] Sorry, that username already exists!
[Line 46] Sorry, that username already exists!
[Line 47] Sorry, that username already exists!
[Line 48] Sorry, that username already exists!
[Line 49] Sorry, that username already exists!
[Line 50] Sorry, that username already exists!
[Line 51] Sorry, that username already exists!
[Line 52] Sorry, that username already exists!
[Line 53] Sorry, that username already exists!
[Line 54] Sorry, that username already exists!
[Line 55] Sorry, that username already exists!
[Line 56] Sorry, that username already exists!
[Line 57] Sorry, that username already exists!
[Line 58] Sorry, that username already exists!
[Line 59] Sorry, that username already exists!
[Line 60] Sorry, that username already exists!
[Line 61] Sorry, that username already exists!
[Line 62] Sorry, that username already exists!
[Line 63] Sorry, that username already exists!
[Line 64] Sorry, that username already exists!
[Line 65] Sorry, that username already exists!
[Line 66] Sorry, that username already exists!
[Line 67] Sorry, that username already exists!
[Line 68] Sorry, that username already exists!
[Line 69] Sorry, that username already exists!
[Line 70] Sorry, that username already exists!
[Line 71] Sorry, that username already exists!
[Line 72] Sorry, that username already exists!
[Line 73] Sorry, that username already exists!
[Line 74] Sorry, that username already exists!
[Line 75] Sorry, that username already exists!
[Line 76] Sorry, that username already exists!
[Line 77] Sorry, that username already exists!
[Line 78] Sorry, that username already exists!
[Line 79] Sorry, that username already exists!
[Line 80] Sorry, that username already exists!
[Line 81] Sorry, that username already exists!
[Line 82] Sorry, that username already exists!
[Line 83] Sorry, that username already exists!
[Line 84] Sorry, that username already exists!
[Line 85] Sorry, that username already exists!
[Line 86] Sorry, that username already exists!
[Line 87] Sorry, that username already exists!
[Line 88] Sorry, that username already exists!
[Line 89] Sorry, that username already exists!
[Line 90] Sorry, that username already exists!
[Line 91] Sorry, that username already exists!
[Line 92] Sorry, that username already exists!
[Line 93] Sorry, that username already exists!
[Line 94] Sorry, that username already exists!
[Line 95] Sorry, that username already exists!
[Line 96] Sorry, that username already exists!
[Line 97] Sorry, that username already exists!
[Line 98] Sorry, that username already exists!
[Line 99] Sorry, that username already exists!
[Line 100] Sorry, that username already exists!
[Line 101] Sorry, that username already exists!
[Line 102] Sorry, that email address is already used!
BEGIN 2019-08-27 11:18:57
[Line 1] Sorry, that username already exists!
[Line 2] Sorry, that username already exists!
[Line 3] Sorry, that username already exists!
[Line 4] Sorry, that username already exists!
[Line 5] Sorry, that username already exists!
[Line 6] Sorry, that username already exists!
[Line 7] Sorry, that username already exists!
[Line 8] Sorry, that username already exists!
[Line 9] Sorry, that username already exists!
[Line 10] Sorry, that username already exists!
[Line 11] Sorry, that username already exists!
[Line 12] Sorry, that username already exists!
[Line 13] Sorry, that username already exists!
[Line 14] Sorry, that username already exists!
[Line 15] Sorry, that username already exists!
[Line 16] Sorry, that username already exists!
[Line 17] Sorry, that username already exists!
[Line 18] Sorry, that username already exists!
[Line 19] Sorry, that username already exists!
[Line 20] Sorry, that username already exists!
[Line 21] Sorry, that username already exists!
[Line 22] Sorry, that username already exists!
[Line 23] Sorry, that username already exists!
[Line 24] Sorry, that username already exists!
[Line 25] Sorry, that username already exists!
[Line 26] Sorry, that username already exists!
[Line 27] Sorry, that username already exists!
[Line 28] Sorry, that username already exists!
[Line 29] Sorry, that username already exists!
[Line 30] Sorry, that username already exists!
[Line 31] Sorry, that username already exists!
[Line 32] Sorry, that username already exists!
[Line 33] Sorry, that username already exists!
[Line 34] Sorry, that username already exists!
[Line 35] Sorry, that username already exists!
[Line 36] Sorry, that username already exists!
[Line 37] Sorry, that username already exists!
[Line 38] Sorry, that username already exists!
[Line 39] Sorry, that username already exists!
[Line 40] Sorry, that username already exists!
[Line 41] Sorry, that username already exists!
[Line 42] Sorry, that username already exists!
[Line 43] Sorry, that username already exists!
[Line 44] Sorry, that username already exists!
[Line 45] Sorry, that username already exists!
[Line 46] Sorry, that username already exists!
[Line 47] Sorry, that username already exists!
[Line 48] Sorry, that username already exists!
[Line 49] Sorry, that username already exists!
[Line 50] Sorry, that username already exists!
[Line 51] Sorry, that username already exists!
[Line 52] Sorry, that username already exists!
[Line 53] Sorry, that username already exists!
[Line 54] Sorry, that username already exists!
[Line 55] Sorry, that username already exists!
[Line 56] Sorry, that username already exists!
[Line 57] Sorry, that username already exists!
[Line 58] Sorry, that username already exists!
[Line 59] Sorry, that username already exists!
[Line 60] Sorry, that username already exists!
[Line 61] Sorry, that username already exists!
[Line 62] Sorry, that username already exists!
[Line 63] Sorry, that username already exists!
[Line 64] Sorry, that username already exists!
[Line 65] Sorry, that username already exists!
[Line 66] Sorry, that username already exists!
[Line 67] Sorry, that username already exists!
[Line 68] Sorry, that username already exists!
[Line 69] Sorry, that username already exists!
[Line 70] Sorry, that username already exists!
[Line 71] Sorry, that username already exists!
[Line 72] Sorry, that username already exists!
[Line 73] Sorry, that username already exists!
[Line 74] Sorry, that username already exists!
[Line 75] Sorry, that username already exists!
[Line 76] Sorry, that username already exists!
[Line 77] Sorry, that username already exists!
[Line 78] Sorry, that username already exists!
[Line 79] Sorry, that username already exists!
[Line 80] Sorry, that username already exists!
[Line 81] Sorry, that username already exists!
[Line 82] Sorry, that username already exists!
[Line 83] Sorry, that username already exists!
[Line 84] Sorry, that username already exists!
[Line 85] Sorry, that username already exists!
[Line 86] Sorry, that username already exists!
[Line 87] Sorry, that username already exists!
[Line 88] Sorry, that username already exists!
[Line 89] Sorry, that username already exists!
[Line 90] Sorry, that username already exists!
[Line 91] Sorry, that username already exists!
[Line 92] Sorry, that username already exists!
[Line 93] Sorry, that username already exists!
[Line 94] Sorry, that username already exists!
[Line 95] Sorry, that username already exists!
[Line 96] Sorry, that username already exists!
[Line 97] Sorry, that username already exists!
[Line 98] Sorry, that username already exists!
[Line 99] Sorry, that username already exists!
[Line 100] Sorry, that username already exists!
[Line 101] Sorry, that username already exists!
[Line 102] Sorry, that email address is already used!
BEGIN 2019-08-27 11:33:49
[Line 1] Sorry, that username already exists!
[Line 2] Sorry, that username already exists!
[Line 3] Sorry, that username already exists!
[Line 4] Sorry, that username already exists!
[Line 5] Sorry, that username already exists!
[Line 6] Sorry, that username already exists!
[Line 7] Sorry, that username already exists!
[Line 8] Sorry, that username already exists!
[Line 9] Sorry, that username already exists!
[Line 10] Sorry, that username already exists!
[Line 11] Sorry, that username already exists!
[Line 12] Sorry, that username already exists!
[Line 13] Sorry, that username already exists!
[Line 14] Sorry, that username already exists!
[Line 15] Sorry, that username already exists!
[Line 16] Sorry, that username already exists!
[Line 17] Sorry, that username already exists!
[Line 18] Sorry, that username already exists!
[Line 19] Sorry, that username already exists!
[Line 20] Sorry, that username already exists!
[Line 21] Sorry, that username already exists!
[Line 22] Sorry, that username already exists!
[Line 23] Sorry, that username already exists!
[Line 24] Sorry, that username already exists!
[Line 25] Sorry, that username already exists!
[Line 26] Sorry, that username already exists!
[Line 27] Sorry, that username already exists!
[Line 28] Sorry, that username already exists!
[Line 29] Sorry, that username already exists!
[Line 30] Sorry, that username already exists!
[Line 31] Sorry, that username already exists!
[Line 32] Sorry, that username already exists!
[Line 33] Sorry, that username already exists!
[Line 34] Sorry, that username already exists!
[Line 35] Sorry, that username already exists!
[Line 36] Sorry, that username already exists!
[Line 37] Sorry, that username already exists!
[Line 38] Sorry, that username already exists!
[Line 39] Sorry, that username already exists!
[Line 40] Sorry, that username already exists!
[Line 41] Sorry, that username already exists!
[Line 42] Sorry, that username already exists!
[Line 43] Sorry, that username already exists!
[Line 44] Sorry, that username already exists!
[Line 45] Sorry, that username already exists!
[Line 46] Sorry, that username already exists!
[Line 47] Sorry, that username already exists!
[Line 48] Sorry, that username already exists!
[Line 49] Sorry, that username already exists!
[Line 50] Sorry, that username already exists!
[Line 51] Sorry, that username already exists!
[Line 52] Sorry, that username already exists!
[Line 53] Sorry, that username already exists!
[Line 54] Sorry, that username already exists!
[Line 55] Sorry, that username already exists!
[Line 56] Sorry, that username already exists!
[Line 57] Sorry, that username already exists!
[Line 58] Sorry, that username already exists!
[Line 59] Sorry, that username already exists!
[Line 60] Sorry, that username already exists!
[Line 61] Sorry, that username already exists!
[Line 62] Sorry, that username already exists!
[Line 63] Sorry, that username already exists!
[Line 64] Sorry, that username already exists!
[Line 65] Sorry, that username already exists!
[Line 66] Sorry, that username already exists!
[Line 67] Sorry, that username already exists!
[Line 68] Sorry, that username already exists!
[Line 69] Sorry, that username already exists!
[Line 70] Sorry, that username already exists!
[Line 71] Sorry, that username already exists!
[Line 72] Sorry, that username already exists!
[Line 73] Sorry, that username already exists!
[Line 74] Sorry, that username already exists!
[Line 75] Sorry, that username already exists!
[Line 76] Sorry, that username already exists!
[Line 77] Sorry, that username already exists!
[Line 78] Sorry, that username already exists!
[Line 79] Sorry, that username already exists!
[Line 80] Sorry, that username already exists!
[Line 81] Sorry, that username already exists!
[Line 82] Sorry, that username already exists!
[Line 83] Sorry, that username already exists!
[Line 84] Sorry, that username already exists!
[Line 85] Sorry, that username already exists!
[Line 86] Sorry, that username already exists!
[Line 87] Sorry, that username already exists!
[Line 88] Sorry, that username already exists!
[Line 89] Sorry, that username already exists!
[Line 90] Sorry, that username already exists!
[Line 91] Sorry, that username already exists!
[Line 92] Sorry, that username already exists!
[Line 93] Sorry, that username already exists!
[Line 94] Sorry, that username already exists!
[Line 95] Sorry, that username already exists!
[Line 96] Sorry, that username already exists!
[Line 97] Sorry, that username already exists!
[Line 98] Sorry, that username already exists!
[Line 99] Sorry, that username already exists!
[Line 100] Sorry, that username already exists!
[Line 101] Sorry, that username already exists!
[Line 102] Sorry, that email address is already used!
BEGIN 2019-08-27 11:52:10
[Line 2] Cannot create a user with an empty login name.
[Line 3] Cannot create a user with an empty login name.
[Line 4] Cannot create a user with an empty login name.
[Line 5] Cannot create a user with an empty login name.
[Line 6] Cannot create a user with an empty login name.
[Line 7] Cannot create a user with an empty login name.
[Line 8] Cannot create a user with an empty login name.
[Line 9] Cannot create a user with an empty login name.
[Line 10] Cannot create a user with an empty login name.
[Line 11] Cannot create a user with an empty login name.
[Line 12] Cannot create a user with an empty login name.
[Line 13] Cannot create a user with an empty login name.
[Line 14] Cannot create a user with an empty login name.
[Line 15] Cannot create a user with an empty login name.
[Line 16] Cannot create a user with an empty login name.
[Line 17] Cannot create a user with an empty login name.
[Line 18] Cannot create a user with an empty login name.
[Line 19] Cannot create a user with an empty login name.
[Line 20] Cannot create a user with an empty login name.
[Line 21] Cannot create a user with an empty login name.
[Line 22] Cannot create a user with an empty login name.
[Line 23] Cannot create a user with an empty login name.
[Line 24] Cannot create a user with an empty login name.
[Line 25] Cannot create a user with an empty login name.
[Line 26] Cannot create a user with an empty login name.
[Line 27] Cannot create a user with an empty login name.
[Line 28] Cannot create a user with an empty login name.
[Line 29] Cannot create a user with an empty login name.
[Line 30] Cannot create a user with an empty login name.
[Line 31] Cannot create a user with an empty login name.
[Line 32] Cannot create a user with an empty login name.
[Line 33] Cannot create a user with an empty login name.
[Line 34] Cannot create a user with an empty login name.
[Line 35] Cannot create a user with an empty login name.
[Line 36] Cannot create a user with an empty login name.
[Line 37] Cannot create a user with an empty login name.
[Line 38] Cannot create a user with an empty login name.
[Line 39] Cannot create a user with an empty login name.
[Line 40] Cannot create a user with an empty login name.
[Line 41] Cannot create a user with an empty login name.
[Line 42] Cannot create a user with an empty login name.
[Line 43] Cannot create a user with an empty login name.
[Line 44] Cannot create a user with an empty login name.
[Line 45] Cannot create a user with an empty login name.
[Line 46] Cannot create a user with an empty login name.
[Line 47] Cannot create a user with an empty login name.
[Line 48] Cannot create a user with an empty login name.
[Line 49] Cannot create a user with an empty login name.
[Line 50] Cannot create a user with an empty login name.
[Line 51] Cannot create a user with an empty login name.
[Line 52] Cannot create a user with an empty login name.
[Line 53] Cannot create a user with an empty login name.
[Line 54] Cannot create a user with an empty login name.
[Line 55] Cannot create a user with an empty login name.
[Line 56] Cannot create a user with an empty login name.
[Line 57] Cannot create a user with an empty login name.
[Line 58] Cannot create a user with an empty login name.
[Line 59] Cannot create a user with an empty login name.
[Line 60] Cannot create a user with an empty login name.
[Line 61] Cannot create a user with an empty login name.
[Line 62] Cannot create a user with an empty login name.
[Line 63] Cannot create a user with an empty login name.
[Line 64] Cannot create a user with an empty login name.
[Line 65] Cannot create a user with an empty login name.
[Line 66] Cannot create a user with an empty login name.
[Line 67] Cannot create a user with an empty login name.
[Line 68] Cannot create a user with an empty login name.
[Line 69] Cannot create a user with an empty login name.
[Line 70] Cannot create a user with an empty login name.
[Line 71] Cannot create a user with an empty login name.
[Line 72] Cannot create a user with an empty login name.
[Line 73] Cannot create a user with an empty login name.
[Line 74] Cannot create a user with an empty login name.
[Line 75] Cannot create a user with an empty login name.
[Line 76] Cannot create a user with an empty login name.
[Line 77] Cannot create a user with an empty login name.
[Line 78] Cannot create a user with an empty login name.
[Line 79] Cannot create a user with an empty login name.
[Line 80] Cannot create a user with an empty login name.
[Line 81] Cannot create a user with an empty login name.
[Line 82] Cannot create a user with an empty login name.
[Line 83] Cannot create a user with an empty login name.
[Line 84] Cannot create a user with an empty login name.
[Line 85] Cannot create a user with an empty login name.
[Line 86] Cannot create a user with an empty login name.
[Line 87] Cannot create a user with an empty login name.
[Line 88] Cannot create a user with an empty login name.
[Line 89] Cannot create a user with an empty login name.
[Line 90] Cannot create a user with an empty login name.
[Line 91] Cannot create a user with an empty login name.
[Line 92] Cannot create a user with an empty login name.
[Line 93] Cannot create a user with an empty login name.
[Line 94] Cannot create a user with an empty login name.
[Line 95] Cannot create a user with an empty login name.
[Line 96] Cannot create a user with an empty login name.
[Line 97] Cannot create a user with an empty login name.
[Line 98] Cannot create a user with an empty login name.
[Line 99] Cannot create a user with an empty login name.
[Line 100] Cannot create a user with an empty login name.
[Line 101] Cannot create a user with an empty login name.
[Line 102] Cannot create a user with an empty login name.
BEGIN 2019-09-19 06:07:25
[Line 83] Cannot create a user with an empty login name.
[Line 84] Cannot create a user with an empty login name.
[Line 85] Cannot create a user with an empty login name.
[Line 86] Cannot create a user with an empty login name.
[Line 87] Cannot create a user with an empty login name.
[Line 88] Cannot create a user with an empty login name.
[Line 89] Cannot create a user with an empty login name.
[Line 90] Cannot create a user with an empty login name.
[Line 91] Cannot create a user with an empty login name.
[Line 92] Cannot create a user with an empty login name.
[Line 93] Cannot create a user with an empty login name.
[Line 94] Cannot create a user with an empty login name.
[Line 95] Cannot create a user with an empty login name.
[Line 96] Cannot create a user with an empty login name.
[Line 97] Cannot create a user with an empty login name.
[Line 98] Cannot create a user with an empty login name.
[Line 99] Cannot create a user with an empty login name.
[Line 100] Cannot create a user with an empty login name.
[Line 101] Cannot create a user with an empty login name.
[Line 102] Cannot create a user with an empty login name.
[Line 103] Cannot create a user with an empty login name.
[Line 104] Cannot create a user with an empty login name.
[Line 105] Cannot create a user with an empty login name.
[Line 106] Cannot create a user with an empty login name.
[Line 107] Cannot create a user with an empty login name.
[Line 108] Cannot create a user with an empty login name.
[Line 109] Cannot create a user with an empty login name.
[Line 110] Cannot create a user with an empty login name.
[Line 111] Cannot create a user with an empty login name.
[Line 112] Cannot create a user with an empty login name.
[Line 113] Cannot create a user with an empty login name.
[Line 114] Cannot create a user with an empty login name.
[Line 115] Cannot create a user with an empty login name.
[Line 116] Cannot create a user with an empty login name.
[Line 117] Cannot create a user with an empty login name.
[Line 118] Cannot create a user with an empty login name.
[Line 119] Cannot create a user with an empty login name.
[Line 120] Cannot create a user with an empty login name.
[Line 121] Cannot create a user with an empty login name.
[Line 122] Cannot create a user with an empty login name.
[Line 123] Cannot create a user with an empty login name.
[Line 124] Cannot create a user with an empty login name.
[Line 125] Cannot create a user with an empty login name.
[Line 126] Cannot create a user with an empty login name.
[Line 127] Cannot create a user with an empty login name.
[Line 128] Cannot create a user with an empty login name.
[Line 129] Cannot create a user with an empty login name.
[Line 130] Cannot create a user with an empty login name.
[Line 131] Cannot create a user with an empty login name.
[Line 132] Cannot create a user with an empty login name.
[Line 133] Cannot create a user with an empty login name.
[Line 134] Cannot create a user with an empty login name.
[Line 135] Cannot create a user with an empty login name.
[Line 136] Cannot create a user with an empty login name.
[Line 137] Cannot create a user with an empty login name.
[Line 138] Cannot create a user with an empty login name.
[Line 139] Cannot create a user with an empty login name.
[Line 140] Cannot create a user with an empty login name.
[Line 141] Cannot create a user with an empty login name.
[Line 142] Cannot create a user with an empty login name.
[Line 143] Cannot create a user with an empty login name.
[Line 144] Cannot create a user with an empty login name.
[Line 145] Cannot create a user with an empty login name.
[Line 146] Cannot create a user with an empty login name.
[Line 147] Cannot create a user with an empty login name.
[Line 148] Cannot create a user with an empty login name.
[Line 149] Cannot create a user with an empty login name.
[Line 150] Cannot create a user with an empty login name.
[Line 151] Cannot create a user with an empty login name.
[Line 152] Cannot create a user with an empty login name.
[Line 153] Cannot create a user with an empty login name.
[Line 154] Cannot create a user with an empty login name.
[Line 155] Cannot create a user with an empty login name.
[Line 156] Cannot create a user with an empty login name.
[Line 157] Cannot create a user with an empty login name.
[Line 158] Cannot create a user with an empty login name.
[Line 159] Cannot create a user with an empty login name.
[Line 160] Cannot create a user with an empty login name.
[Line 161] Cannot create a user with an empty login name.
[Line 162] Cannot create a user with an empty login name.
[Line 163] Cannot create a user with an empty login name.
[Line 164] Cannot create a user with an empty login name.
[Line 165] Cannot create a user with an empty login name.
[Line 166] Cannot create a user with an empty login name.
[Line 167] Cannot create a user with an empty login name.
[Line 168] Cannot create a user with an empty login name.
[Line 169] Cannot create a user with an empty login name.
[Line 170] Cannot create a user with an empty login name.
[Line 171] Cannot create a user with an empty login name.
[Line 172] Cannot create a user with an empty login name.
[Line 173] Cannot create a user with an empty login name.
[Line 174] Cannot create a user with an empty login name.
[Line 175] Cannot create a user with an empty login name.
[Line 176] Cannot create a user with an empty login name.
[Line 177] Cannot create a user with an empty login name.
[Line 178] Cannot create a user with an empty login name.
[Line 179] Cannot create a user with an empty login name.
[Line 180] Cannot create a user with an empty login name.
[Line 181] Cannot create a user with an empty login name.
[Line 182] Cannot create a user with an empty login name.
[Line 183] Cannot create a user with an empty login name.
[Line 184] Cannot create a user with an empty login name.
[Line 185] Cannot create a user with an empty login name.
[Line 186] Cannot create a user with an empty login name.
[Line 187] Cannot create a user with an empty login name.
[Line 188] Cannot create a user with an empty login name.
[Line 189] Cannot create a user with an empty login name.
[Line 190] Cannot create a user with an empty login name.
[Line 191] Cannot create a user with an empty login name.
[Line 192] Cannot create a user with an empty login name.
[Line 193] Cannot create a user with an empty login name.
[Line 194] Cannot create a user with an empty login name.
[Line 195] Cannot create a user with an empty login name.
[Line 196] Cannot create a user with an empty login name.
[Line 197] Cannot create a user with an empty login name.
[Line 198] Cannot create a user with an empty login name.
[Line 199] Cannot create a user with an empty login name.
[Line 200] Cannot create a user with an empty login name.
[Line 201] Cannot create a user with an empty login name.
[Line 202] Cannot create a user with an empty login name.
[Line 203] Cannot create a user with an empty login name.
[Line 204] Cannot create a user with an empty login name.
[Line 205] Cannot create a user with an empty login name.
[Line 206] Cannot create a user with an empty login name.
[Line 207] Cannot create a user with an empty login name.
[Line 208] Cannot create a user with an empty login name.
[Line 209] Cannot create a user with an empty login name.
[Line 210] Cannot create a user with an empty login name.
[Line 211] Cannot create a user with an empty login name.
[Line 212] Cannot create a user with an empty login name.
[Line 213] Cannot create a user with an empty login name.
[Line 214] Cannot create a user with an empty login name.
[Line 215] Cannot create a user with an empty login name.
[Line 216] Cannot create a user with an empty login name.
[Line 217] Cannot create a user with an empty login name.
[Line 218] Cannot create a user with an empty login name.
[Line 219] Cannot create a user with an empty login name.
[Line 220] Cannot create a user with an empty login name.
[Line 221] Cannot create a user with an empty login name.
[Line 222] Cannot create a user with an empty login name.
[Line 223] Cannot create a user with an empty login name.
[Line 224] Cannot create a user with an empty login name.
[Line 225] Cannot create a user with an empty login name.
[Line 226] Cannot create a user with an empty login name.
[Line 227] Cannot create a user with an empty login name.
[Line 228] Cannot create a user with an empty login name.
[Line 229] Cannot create a user with an empty login name.
[Line 230] Cannot create a user with an empty login name.
[Line 231] Cannot create a user with an empty login name.
[Line 232] Cannot create a user with an empty login name.
[Line 233] Cannot create a user with an empty login name.
[Line 234] Cannot create a user with an empty login name.
[Line 235] Cannot create a user with an empty login name.
[Line 236] Cannot create a user with an empty login name.
[Line 237] Cannot create a user with an empty login name.
[Line 238] Cannot create a user with an empty login name.
[Line 239] Cannot create a user with an empty login name.
[Line 240] Cannot create a user with an empty login name.
[Line 241] Cannot create a user with an empty login name.
[Line 242] Cannot create a user with an empty login name.
[Line 243] Cannot create a user with an empty login name.
[Line 244] Cannot create a user with an empty login name.
[Line 245] Cannot create a user with an empty login name.
[Line 246] Cannot create a user with an empty login name.
[Line 247] Cannot create a user with an empty login name.
[Line 248] Cannot create a user with an empty login name.
[Line 249] Cannot create a user with an empty login name.
[Line 250] Cannot create a user with an empty login name.
BEGIN 2019-09-19 06:08:00
[Line 1] Sorry, that username already exists!
[Line 2] Sorry, that username already exists!
[Line 3] Sorry, that username already exists!
[Line 4] Sorry, that username already exists!
[Line 5] Sorry, that username already exists!
[Line 6] Sorry, that username already exists!
[Line 7] Sorry, that username already exists!
[Line 8] Sorry, that username already exists!
[Line 9] Sorry, that username already exists!
[Line 10] Sorry, that username already exists!
[Line 11] Sorry, that username already exists!
[Line 12] Sorry, that username already exists!
[Line 13] Sorry, that username already exists!
[Line 14] Sorry, that username already exists!
[Line 15] Sorry, that username already exists!
[Line 16] Sorry, that username already exists!
[Line 17] Sorry, that username already exists!
[Line 18] Sorry, that username already exists!
[Line 19] Sorry, that username already exists!
[Line 20] Sorry, that username already exists!
[Line 21] Sorry, that username already exists!
[Line 22] Sorry, that username already exists!
[Line 23] Sorry, that username already exists!
[Line 24] Sorry, that username already exists!
[Line 25] Sorry, that username already exists!
[Line 26] Sorry, that username already exists!
[Line 27] Sorry, that username already exists!
[Line 28] Sorry, that username already exists!
[Line 29] Sorry, that username already exists!
[Line 30] Sorry, that username already exists!
[Line 31] Sorry, that username already exists!
[Line 32] Sorry, that username already exists!
[Line 33] Sorry, that username already exists!
[Line 34] Sorry, that username already exists!
[Line 35] Sorry, that username already exists!
[Line 36] Sorry, that username already exists!
[Line 37] Sorry, that username already exists!
[Line 38] Sorry, that username already exists!
[Line 39] Sorry, that username already exists!
[Line 40] Sorry, that username already exists!
[Line 41] Sorry, that username already exists!
[Line 42] Sorry, that username already exists!
[Line 43] Sorry, that username already exists!
[Line 44] Sorry, that username already exists!
[Line 45] Sorry, that username already exists!
[Line 46] Sorry, that username already exists!
[Line 47] Sorry, that username already exists!
[Line 48] Sorry, that username already exists!
[Line 49] Sorry, that username already exists!
[Line 50] Sorry, that username already exists!
[Line 51] Sorry, that username already exists!
[Line 52] Sorry, that username already exists!
[Line 53] Sorry, that username already exists!
[Line 54] Sorry, that username already exists!
[Line 55] Sorry, that username already exists!
[Line 56] Sorry, that username already exists!
[Line 57] Sorry, that username already exists!
[Line 58] Sorry, that username already exists!
[Line 59] Sorry, that username already exists!
[Line 60] Sorry, that username already exists!
[Line 61] Sorry, that username already exists!
[Line 62] Sorry, that username already exists!
[Line 63] Sorry, that username already exists!
[Line 64] Sorry, that username already exists!
[Line 65] Sorry, that username already exists!
[Line 66] Sorry, that username already exists!
[Line 67] Sorry, that username already exists!
[Line 68] Sorry, that username already exists!
[Line 69] Sorry, that username already exists!
[Line 70] Sorry, that username already exists!
[Line 71] Sorry, that username already exists!
[Line 72] Sorry, that username already exists!
[Line 73] Sorry, that username already exists!
[Line 74] Sorry, that username already exists!
[Line 75] Sorry, that username already exists!
[Line 76] Sorry, that username already exists!
[Line 77] Sorry, that username already exists!
[Line 78] Sorry, that username already exists!
[Line 79] Sorry, that username already exists!
[Line 80] Sorry, that username already exists!
[Line 81] Sorry, that username already exists!
[Line 82] Sorry, that username already exists!
[Line 83] Cannot create a user with an empty login name.
[Line 84] Cannot create a user with an empty login name.
[Line 85] Cannot create a user with an empty login name.
[Line 86] Cannot create a user with an empty login name.
[Line 87] Cannot create a user with an empty login name.
[Line 88] Cannot create a user with an empty login name.
[Line 89] Cannot create a user with an empty login name.
[Line 90] Cannot create a user with an empty login name.
[Line 91] Cannot create a user with an empty login name.
[Line 92] Cannot create a user with an empty login name.
[Line 93] Cannot create a user with an empty login name.
[Line 94] Cannot create a user with an empty login name.
[Line 95] Cannot create a user with an empty login name.
[Line 96] Cannot create a user with an empty login name.
[Line 97] Cannot create a user with an empty login name.
[Line 98] Cannot create a user with an empty login name.
[Line 99] Cannot create a user with an empty login name.
[Line 100] Cannot create a user with an empty login name.
[Line 101] Cannot create a user with an empty login name.
[Line 102] Cannot create a user with an empty login name.
[Line 103] Cannot create a user with an empty login name.
[Line 104] Cannot create a user with an empty login name.
[Line 105] Cannot create a user with an empty login name.
[Line 106] Cannot create a user with an empty login name.
[Line 107] Cannot create a user with an empty login name.
[Line 108] Cannot create a user with an empty login name.
[Line 109] Cannot create a user with an empty login name.
[Line 110] Cannot create a user with an empty login name.
[Line 111] Cannot create a user with an empty login name.
[Line 112] Cannot create a user with an empty login name.
[Line 113] Cannot create a user with an empty login name.
[Line 114] Cannot create a user with an empty login name.
[Line 115] Cannot create a user with an empty login name.
[Line 116] Cannot create a user with an empty login name.
[Line 117] Cannot create a user with an empty login name.
[Line 118] Cannot create a user with an empty login name.
[Line 119] Cannot create a user with an empty login name.
[Line 120] Cannot create a user with an empty login name.
[Line 121] Cannot create a user with an empty login name.
[Line 122] Cannot create a user with an empty login name.
[Line 123] Cannot create a user with an empty login name.
[Line 124] Cannot create a user with an empty login name.
[Line 125] Cannot create a user with an empty login name.
[Line 126] Cannot create a user with an empty login name.
[Line 127] Cannot create a user with an empty login name.
[Line 128] Cannot create a user with an empty login name.
[Line 129] Cannot create a user with an empty login name.
[Line 130] Cannot create a user with an empty login name.
[Line 131] Cannot create a user with an empty login name.
[Line 132] Cannot create a user with an empty login name.
[Line 133] Cannot create a user with an empty login name.
[Line 134] Cannot create a user with an empty login name.
[Line 135] Cannot create a user with an empty login name.
[Line 136] Cannot create a user with an empty login name.
[Line 137] Cannot create a user with an empty login name.
[Line 138] Cannot create a user with an empty login name.
[Line 139] Cannot create a user with an empty login name.
[Line 140] Cannot create a user with an empty login name.
[Line 141] Cannot create a user with an empty login name.
[Line 142] Cannot create a user with an empty login name.
[Line 143] Cannot create a user with an empty login name.
[Line 144] Cannot create a user with an empty login name.
[Line 145] Cannot create a user with an empty login name.
[Line 146] Cannot create a user with an empty login name.
[Line 147] Cannot create a user with an empty login name.
[Line 148] Cannot create a user with an empty login name.
[Line 149] Cannot create a user with an empty login name.
[Line 150] Cannot create a user with an empty login name.
[Line 151] Cannot create a user with an empty login name.
[Line 152] Cannot create a user with an empty login name.
[Line 153] Cannot create a user with an empty login name.
[Line 154] Cannot create a user with an empty login name.
[Line 155] Cannot create a user with an empty login name.
[Line 156] Cannot create a user with an empty login name.
[Line 157] Cannot create a user with an empty login name.
[Line 158] Cannot create a user with an empty login name.
[Line 159] Cannot create a user with an empty login name.
[Line 160] Cannot create a user with an empty login name.
[Line 161] Cannot create a user with an empty login name.
[Line 162] Cannot create a user with an empty login name.
[Line 163] Cannot create a user with an empty login name.
[Line 164] Cannot create a user with an empty login name.
[Line 165] Cannot create a user with an empty login name.
[Line 166] Cannot create a user with an empty login name.
[Line 167] Cannot create a user with an empty login name.
[Line 168] Cannot create a user with an empty login name.
[Line 169] Cannot create a user with an empty login name.
[Line 170] Cannot create a user with an empty login name.
[Line 171] Cannot create a user with an empty login name.
[Line 172] Cannot create a user with an empty login name.
[Line 173] Cannot create a user with an empty login name.
[Line 174] Cannot create a user with an empty login name.
[Line 175] Cannot create a user with an empty login name.
[Line 176] Cannot create a user with an empty login name.
[Line 177] Cannot create a user with an empty login name.
[Line 178] Cannot create a user with an empty login name.
[Line 179] Cannot create a user with an empty login name.
[Line 180] Cannot create a user with an empty login name.
[Line 181] Cannot create a user with an empty login name.
[Line 182] Cannot create a user with an empty login name.
[Line 183] Cannot create a user with an empty login name.
[Line 184] Cannot create a user with an empty login name.
[Line 185] Cannot create a user with an empty login name.
[Line 186] Cannot create a user with an empty login name.
[Line 187] Cannot create a user with an empty login name.
[Line 188] Cannot create a user with an empty login name.
[Line 189] Cannot create a user with an empty login name.
[Line 190] Cannot create a user with an empty login name.
[Line 191] Cannot create a user with an empty login name.
[Line 192] Cannot create a user with an empty login name.
[Line 193] Cannot create a user with an empty login name.
[Line 194] Cannot create a user with an empty login name.
[Line 195] Cannot create a user with an empty login name.
[Line 196] Cannot create a user with an empty login name.
[Line 197] Cannot create a user with an empty login name.
[Line 198] Cannot create a user with an empty login name.
[Line 199] Cannot create a user with an empty login name.
[Line 200] Cannot create a user with an empty login name.
[Line 201] Cannot create a user with an empty login name.
[Line 202] Cannot create a user with an empty login name.
[Line 203] Cannot create a user with an empty login name.
[Line 204] Cannot create a user with an empty login name.
[Line 205] Cannot create a user with an empty login name.
[Line 206] Cannot create a user with an empty login name.
[Line 207] Cannot create a user with an empty login name.
[Line 208] Cannot create a user with an empty login name.
[Line 209] Cannot create a user with an empty login name.
[Line 210] Cannot create a user with an empty login name.
[Line 211] Cannot create a user with an empty login name.
[Line 212] Cannot create a user with an empty login name.
[Line 213] Cannot create a user with an empty login name.
[Line 214] Cannot create a user with an empty login name.
[Line 215] Cannot create a user with an empty login name.
[Line 216] Cannot create a user with an empty login name.
[Line 217] Cannot create a user with an empty login name.
[Line 218] Cannot create a user with an empty login name.
[Line 219] Cannot create a user with an empty login name.
[Line 220] Cannot create a user with an empty login name.
[Line 221] Cannot create a user with an empty login name.
[Line 222] Cannot create a user with an empty login name.
[Line 223] Cannot create a user with an empty login name.
[Line 224] Cannot create a user with an empty login name.
[Line 225] Cannot create a user with an empty login name.
[Line 226] Cannot create a user with an empty login name.
[Line 227] Cannot create a user with an empty login name.
[Line 228] Cannot create a user with an empty login name.
[Line 229] Cannot create a user with an empty login name.
[Line 230] Cannot create a user with an empty login name.
[Line 231] Cannot create a user with an empty login name.
[Line 232] Cannot create a user with an empty login name.
[Line 233] Cannot create a user with an empty login name.
[Line 234] Cannot create a user with an empty login name.
[Line 235] Cannot create a user with an empty login name.
[Line 236] Cannot create a user with an empty login name.
[Line 237] Cannot create a user with an empty login name.
[Line 238] Cannot create a user with an empty login name.
[Line 239] Cannot create a user with an empty login name.
[Line 240] Cannot create a user with an empty login name.
[Line 241] Cannot create a user with an empty login name.
[Line 242] Cannot create a user with an empty login name.
[Line 243] Cannot create a user with an empty login name.
[Line 244] Cannot create a user with an empty login name.
[Line 245] Cannot create a user with an empty login name.
[Line 246] Cannot create a user with an empty login name.
[Line 247] Cannot create a user with an empty login name.
[Line 248] Cannot create a user with an empty login name.
[Line 249] Cannot create a user with an empty login name.
[Line 250] Cannot create a user with an empty login name.
BEGIN 2019-09-19 06:08:16
[Line 1] Sorry, that username already exists!
[Line 2] Sorry, that username already exists!
[Line 3] Sorry, that username already exists!
[Line 4] Sorry, that username already exists!
[Line 5] Sorry, that username already exists!
[Line 6] Sorry, that username already exists!
[Line 7] Sorry, that username already exists!
[Line 8] Sorry, that username already exists!
[Line 9] Sorry, that username already exists!
[Line 10] Sorry, that username already exists!
[Line 11] Sorry, that username already exists!
[Line 12] Sorry, that username already exists!
[Line 13] Sorry, that username already exists!
[Line 14] Sorry, that username already exists!
[Line 15] Sorry, that username already exists!
[Line 16] Sorry, that username already exists!
[Line 17] Sorry, that username already exists!
[Line 18] Sorry, that username already exists!
[Line 19] Sorry, that username already exists!
[Line 20] Sorry, that username already exists!
[Line 21] Sorry, that username already exists!
[Line 22] Sorry, that username already exists!
[Line 23] Sorry, that username already exists!
[Line 24] Sorry, that username already exists!
[Line 25] Sorry, that username already exists!
[Line 26] Sorry, that username already exists!
[Line 27] Sorry, that username already exists!
[Line 28] Sorry, that username already exists!
[Line 29] Sorry, that username already exists!
[Line 30] Sorry, that username already exists!
[Line 31] Sorry, that username already exists!
[Line 32] Sorry, that username already exists!
[Line 33] Sorry, that username already exists!
[Line 34] Sorry, that username already exists!
[Line 35] Sorry, that username already exists!
[Line 36] Sorry, that username already exists!
[Line 37] Sorry, that username already exists!
[Line 38] Sorry, that username already exists!
[Line 39] Sorry, that username already exists!
[Line 40] Sorry, that username already exists!
[Line 41] Sorry, that username already exists!
[Line 42] Sorry, that username already exists!
[Line 43] Sorry, that username already exists!
[Line 44] Sorry, that username already exists!
[Line 45] Sorry, that username already exists!
[Line 46] Sorry, that username already exists!
[Line 47] Sorry, that username already exists!
[Line 48] Sorry, that username already exists!
[Line 49] Sorry, that username already exists!
[Line 50] Sorry, that username already exists!
[Line 51] Sorry, that username already exists!
[Line 52] Sorry, that username already exists!
[Line 53] Sorry, that username already exists!
[Line 54] Sorry, that username already exists!
[Line 55] Sorry, that username already exists!
[Line 56] Sorry, that username already exists!
[Line 57] Sorry, that username already exists!
[Line 58] Sorry, that username already exists!
[Line 59] Sorry, that username already exists!
[Line 60] Sorry, that username already exists!
[Line 61] Sorry, that username already exists!
[Line 62] Sorry, that username already exists!
[Line 63] Sorry, that username already exists!
[Line 64] Sorry, that username already exists!
[Line 65] Sorry, that username already exists!
[Line 66] Sorry, that username already exists!
[Line 67] Sorry, that username already exists!
[Line 68] Sorry, that username already exists!
[Line 69] Sorry, that username already exists!
[Line 70] Sorry, that username already exists!
[Line 71] Sorry, that username already exists!
[Line 72] Sorry, that username already exists!
[Line 73] Sorry, that username already exists!
[Line 74] Sorry, that username already exists!
[Line 75] Sorry, that username already exists!
[Line 76] Sorry, that username already exists!
[Line 77] Sorry, that username already exists!
[Line 78] Sorry, that username already exists!
[Line 79] Sorry, that username already exists!
[Line 80] Sorry, that username already exists!
[Line 81] Sorry, that username already exists!
[Line 82] Sorry, that username already exists!
[Line 83] Cannot create a user with an empty login name.
[Line 84] Cannot create a user with an empty login name.
[Line 85] Cannot create a user with an empty login name.
[Line 86] Cannot create a user with an empty login name.
[Line 87] Cannot create a user with an empty login name.
[Line 88] Cannot create a user with an empty login name.
[Line 89] Cannot create a user with an empty login name.
[Line 90] Cannot create a user with an empty login name.
[Line 91] Cannot create a user with an empty login name.
[Line 92] Cannot create a user with an empty login name.
[Line 93] Cannot create a user with an empty login name.
[Line 94] Cannot create a user with an empty login name.
[Line 95] Cannot create a user with an empty login name.
[Line 96] Cannot create a user with an empty login name.
[Line 97] Cannot create a user with an empty login name.
[Line 98] Cannot create a user with an empty login name.
[Line 99] Cannot create a user with an empty login name.
[Line 100] Cannot create a user with an empty login name.
[Line 101] Cannot create a user with an empty login name.
[Line 102] Cannot create a user with an empty login name.
[Line 103] Cannot create a user with an empty login name.
[Line 104] Cannot create a user with an empty login name.
[Line 105] Cannot create a user with an empty login name.
[Line 106] Cannot create a user with an empty login name.
[Line 107] Cannot create a user with an empty login name.
[Line 108] Cannot create a user with an empty login name.
[Line 109] Cannot create a user with an empty login name.
[Line 110] Cannot create a user with an empty login name.
[Line 111] Cannot create a user with an empty login name.
[Line 112] Cannot create a user with an empty login name.
[Line 113] Cannot create a user with an empty login name.
[Line 114] Cannot create a user with an empty login name.
[Line 115] Cannot create a user with an empty login name.
[Line 116] Cannot create a user with an empty login name.
[Line 117] Cannot create a user with an empty login name.
[Line 118] Cannot create a user with an empty login name.
[Line 119] Cannot create a user with an empty login name.
[Line 120] Cannot create a user with an empty login name.
[Line 121] Cannot create a user with an empty login name.
[Line 122] Cannot create a user with an empty login name.
[Line 123] Cannot create a user with an empty login name.
[Line 124] Cannot create a user with an empty login name.
[Line 125] Cannot create a user with an empty login name.
[Line 126] Cannot create a user with an empty login name.
[Line 127] Cannot create a user with an empty login name.
[Line 128] Cannot create a user with an empty login name.
[Line 129] Cannot create a user with an empty login name.
[Line 130] Cannot create a user with an empty login name.
[Line 131] Cannot create a user with an empty login name.
[Line 132] Cannot create a user with an empty login name.
[Line 133] Cannot create a user with an empty login name.
[Line 134] Cannot create a user with an empty login name.
[Line 135] Cannot create a user with an empty login name.
[Line 136] Cannot create a user with an empty login name.
[Line 137] Cannot create a user with an empty login name.
[Line 138] Cannot create a user with an empty login name.
[Line 139] Cannot create a user with an empty login name.
[Line 140] Cannot create a user with an empty login name.
[Line 141] Cannot create a user with an empty login name.
[Line 142] Cannot create a user with an empty login name.
[Line 143] Cannot create a user with an empty login name.
[Line 144] Cannot create a user with an empty login name.
[Line 145] Cannot create a user with an empty login name.
[Line 146] Cannot create a user with an empty login name.
[Line 147] Cannot create a user with an empty login name.
[Line 148] Cannot create a user with an empty login name.
[Line 149] Cannot create a user with an empty login name.
[Line 150] Cannot create a user with an empty login name.
[Line 151] Cannot create a user with an empty login name.
[Line 152] Cannot create a user with an empty login name.
[Line 153] Cannot create a user with an empty login name.
[Line 154] Cannot create a user with an empty login name.
[Line 155] Cannot create a user with an empty login name.
[Line 156] Cannot create a user with an empty login name.
[Line 157] Cannot create a user with an empty login name.
[Line 158] Cannot create a user with an empty login name.
[Line 159] Cannot create a user with an empty login name.
[Line 160] Cannot create a user with an empty login name.
[Line 161] Cannot create a user with an empty login name.
[Line 162] Cannot create a user with an empty login name.
[Line 163] Cannot create a user with an empty login name.
[Line 164] Cannot create a user with an empty login name.
[Line 165] Cannot create a user with an empty login name.
[Line 166] Cannot create a user with an empty login name.
[Line 167] Cannot create a user with an empty login name.
[Line 168] Cannot create a user with an empty login name.
[Line 169] Cannot create a user with an empty login name.
[Line 170] Cannot create a user with an empty login name.
[Line 171] Cannot create a user with an empty login name.
[Line 172] Cannot create a user with an empty login name.
[Line 173] Cannot create a user with an empty login name.
[Line 174] Cannot create a user with an empty login name.
[Line 175] Cannot create a user with an empty login name.
[Line 176] Cannot create a user with an empty login name.
[Line 177] Cannot create a user with an empty login name.
[Line 178] Cannot create a user with an empty login name.
[Line 179] Cannot create a user with an empty login name.
[Line 180] Cannot create a user with an empty login name.
[Line 181] Cannot create a user with an empty login name.
[Line 182] Cannot create a user with an empty login name.
[Line 183] Cannot create a user with an empty login name.
[Line 184] Cannot create a user with an empty login name.
[Line 185] Cannot create a user with an empty login name.
[Line 186] Cannot create a user with an empty login name.
[Line 187] Cannot create a user with an empty login name.
[Line 188] Cannot create a user with an empty login name.
[Line 189] Cannot create a user with an empty login name.
[Line 190] Cannot create a user with an empty login name.
[Line 191] Cannot create a user with an empty login name.
[Line 192] Cannot create a user with an empty login name.
[Line 193] Cannot create a user with an empty login name.
[Line 194] Cannot create a user with an empty login name.
[Line 195] Cannot create a user with an empty login name.
[Line 196] Cannot create a user with an empty login name.
[Line 197] Cannot create a user with an empty login name.
[Line 198] Cannot create a user with an empty login name.
[Line 199] Cannot create a user with an empty login name.
[Line 200] Cannot create a user with an empty login name.
[Line 201] Cannot create a user with an empty login name.
[Line 202] Cannot create a user with an empty login name.
[Line 203] Cannot create a user with an empty login name.
[Line 204] Cannot create a user with an empty login name.
[Line 205] Cannot create a user with an empty login name.
[Line 206] Cannot create a user with an empty login name.
[Line 207] Cannot create a user with an empty login name.
[Line 208] Cannot create a user with an empty login name.
[Line 209] Cannot create a user with an empty login name.
[Line 210] Cannot create a user with an empty login name.
[Line 211] Cannot create a user with an empty login name.
[Line 212] Cannot create a user with an empty login name.
[Line 213] Cannot create a user with an empty login name.
[Line 214] Cannot create a user with an empty login name.
[Line 215] Cannot create a user with an empty login name.
[Line 216] Cannot create a user with an empty login name.
[Line 217] Cannot create a user with an empty login name.
[Line 218] Cannot create a user with an empty login name.
[Line 219] Cannot create a user with an empty login name.
[Line 220] Cannot create a user with an empty login name.
[Line 221] Cannot create a user with an empty login name.
[Line 222] Cannot create a user with an empty login name.
[Line 223] Cannot create a user with an empty login name.
[Line 224] Cannot create a user with an empty login name.
[Line 225] Cannot create a user with an empty login name.
[Line 226] Cannot create a user with an empty login name.
[Line 227] Cannot create a user with an empty login name.
[Line 228] Cannot create a user with an empty login name.
[Line 229] Cannot create a user with an empty login name.
[Line 230] Cannot create a user with an empty login name.
[Line 231] Cannot create a user with an empty login name.
[Line 232] Cannot create a user with an empty login name.
[Line 233] Cannot create a user with an empty login name.
[Line 234] Cannot create a user with an empty login name.
[Line 235] Cannot create a user with an empty login name.
[Line 236] Cannot create a user with an empty login name.
[Line 237] Cannot create a user with an empty login name.
[Line 238] Cannot create a user with an empty login name.
[Line 239] Cannot create a user with an empty login name.
[Line 240] Cannot create a user with an empty login name.
[Line 241] Cannot create a user with an empty login name.
[Line 242] Cannot create a user with an empty login name.
[Line 243] Cannot create a user with an empty login name.
[Line 244] Cannot create a user with an empty login name.
[Line 245] Cannot create a user with an empty login name.
[Line 246] Cannot create a user with an empty login name.
[Line 247] Cannot create a user with an empty login name.
[Line 248] Cannot create a user with an empty login name.
[Line 249] Cannot create a user with an empty login name.
[Line 250] Cannot create a user with an empty login name.
BEGIN 2019-10-02 10:58:56
[Line 17] Cannot create a user with an empty login name.
[Line 18] Cannot create a user with an empty login name.
[Line 19] Cannot create a user with an empty login name.
[Line 20] Cannot create a user with an empty login name.
[Line 21] Cannot create a user with an empty login name.
[Line 22] Cannot create a user with an empty login name.
[Line 23] Cannot create a user with an empty login name.
[Line 24] Cannot create a user with an empty login name.
[Line 25] Cannot create a user with an empty login name.
[Line 26] Cannot create a user with an empty login name.
[Line 27] Cannot create a user with an empty login name.
[Line 28] Cannot create a user with an empty login name.
[Line 29] Cannot create a user with an empty login name.
[Line 30] Cannot create a user with an empty login name.
[Line 31] Cannot create a user with an empty login name.
[Line 32] Cannot create a user with an empty login name.
[Line 33] Cannot create a user with an empty login name.
[Line 34] Cannot create a user with an empty login name.
[Line 35] Cannot create a user with an empty login name.
[Line 36] Cannot create a user with an empty login name.
[Line 37] Cannot create a user with an empty login name.
[Line 38] Cannot create a user with an empty login name.
[Line 39] Cannot create a user with an empty login name.
BEGIN 2019-10-30 16:12:32
[Line 101] Cannot create a user with an empty login name.
BEGIN 2019-10-30 16:13:17
[Line 1] Sorry, that username already exists!
[Line 2] Sorry, that username already exists!
[Line 3] Sorry, that username already exists!
[Line 4] Sorry, that username already exists!
[Line 5] Sorry, that username already exists!
[Line 6] Sorry, that username already exists!
[Line 7] Sorry, that username already exists!
[Line 8] Sorry, that username already exists!
[Line 9] Sorry, that username already exists!
[Line 10] Sorry, that username already exists!
[Line 11] Sorry, that username already exists!
[Line 12] Sorry, that username already exists!
[Line 13] Sorry, that username already exists!
[Line 14] Sorry, that username already exists!
[Line 15] Sorry, that username already exists!
[Line 16] Sorry, that username already exists!
[Line 17] Sorry, that username already exists!
[Line 18] Sorry, that username already exists!
[Line 19] Sorry, that username already exists!
[Line 20] Sorry, that username already exists!
[Line 21] Sorry, that username already exists!
[Line 22] Sorry, that username already exists!
[Line 23] Sorry, that username already exists!
[Line 24] Sorry, that username already exists!
[Line 25] Sorry, that username already exists!
[Line 26] Sorry, that username already exists!
[Line 27] Sorry, that username already exists!
[Line 28] Sorry, that username already exists!
[Line 29] Sorry, that username already exists!
[Line 30] Sorry, that username already exists!
[Line 31] Sorry, that username already exists!
[Line 32] Sorry, that username already exists!
[Line 33] Sorry, that username already exists!
[Line 34] Sorry, that username already exists!
[Line 35] Sorry, that username already exists!
[Line 36] Sorry, that username already exists!
[Line 37] Sorry, that username already exists!
[Line 38] Sorry, that username already exists!
[Line 39] Sorry, that username already exists!
[Line 40] Sorry, that username already exists!
[Line 41] Sorry, that username already exists!
[Line 42] Sorry, that username already exists!
[Line 43] Sorry, that username already exists!
[Line 44] Sorry, that username already exists!
[Line 45] Sorry, that username already exists!
[Line 46] Sorry, that username already exists!
[Line 47] Sorry, that username already exists!
[Line 48] Sorry, that username already exists!
[Line 49] Sorry, that username already exists!
[Line 50] Sorry, that username already exists!
[Line 51] Sorry, that username already exists!
[Line 52] Sorry, that username already exists!
[Line 53] Sorry, that username already exists!
[Line 54] Sorry, that username already exists!
[Line 55] Sorry, that username already exists!
[Line 56] Sorry, that username already exists!
[Line 57] Sorry, that username already exists!
[Line 58] Sorry, that username already exists!
[Line 59] Sorry, that username already exists!
[Line 60] Sorry, that username already exists!
[Line 61] Sorry, that username already exists!
[Line 62] Sorry, that username already exists!
[Line 63] Sorry, that username already exists!
[Line 64] Sorry, that username already exists!
[Line 65] Sorry, that username already exists!
[Line 66] Sorry, that username already exists!
[Line 67] Sorry, that username already exists!
[Line 68] Sorry, that username already exists!
[Line 69] Sorry, that username already exists!
[Line 70] Sorry, that username already exists!
[Line 71] Sorry, that username already exists!
[Line 72] Sorry, that username already exists!
[Line 73] Sorry, that username already exists!
[Line 74] Sorry, that username already exists!
[Line 75] Sorry, that username already exists!
[Line 76] Sorry, that username already exists!
[Line 77] Sorry, that username already exists!
[Line 78] Sorry, that username already exists!
[Line 79] Sorry, that username already exists!
[Line 80] Sorry, that username already exists!
[Line 81] Sorry, that username already exists!
[Line 82] Sorry, that username already exists!
[Line 83] Sorry, that username already exists!
[Line 84] Sorry, that username already exists!
[Line 85] Sorry, that username already exists!
[Line 86] Sorry, that username already exists!
[Line 87] Sorry, that username already exists!
[Line 88] Sorry, that username already exists!
[Line 89] Sorry, that username already exists!
[Line 90] Sorry, that username already exists!
[Line 91] Sorry, that username already exists!
[Line 92] Sorry, that username already exists!
[Line 93] Sorry, that username already exists!
[Line 94] Sorry, that username already exists!
[Line 95] Sorry, that username already exists!
[Line 96] Sorry, that username already exists!
[Line 97] Sorry, that username already exists!
[Line 98] Sorry, that username already exists!
[Line 99] Sorry, that username already exists!
[Line 100] Sorry, that username already exists!
[Line 101] Cannot create a user with an empty login name.
